wrote /Users/haotianliu/.openclaw/workspace/ystar-company/content/offended_ai/v6/overlay_lower_third.png (18486 bytes)
HTTP 405: <!DOCTYPE HTML PUBLIC "-//W3C//DTD HTML 3.2 Final//EN">
<title>405 Method Not Allowed</title>
<h1>Method Not Allowed</h1>
<p>The method is not allowed for the requested URL.</p>

HTTP 405: <!DOCTYPE HTML PUBLIC "-//W3C//DTD HTML 3.2 Final//EN">
<title>405 Method Not Allowed</title>
<h1>Method Not Allowed</h1>
<p>The method is not allowed for the requested URL.</p>

HTTP 405: <!DOCTYPE HTML PUBLIC "-//W3C//DTD HTML 3.2 Final//EN">
<title>405 Method Not Allowed</title>
<h1>Method Not Allowed</h1>
<p>The method is not allowed for the requested URL.</p>

HTTP 405: <!DOCTYPE HTML PUBLIC "-//W3C//DTD HTML 3.2 Final//EN">
<title>405 Method Not Allowed</title>
<h1>Method Not Allowed</h1>
<p>The method is not allowed for the requested URL.</p>

HTTP 405: <!DOCTYPE HTML PUBLIC "-//W3C//DTD HTML 3.2 Final//EN">
<title>405 Method Not Allowed</title>
<h1>Method Not Allowed</h1>
<p>The method is not allowed for the requested URL.</p>

HTTP 405: <!DOCTYPE HTML PUBLIC "-//W3C//DTD HTML 3.2 Final//EN">
<title>405 Method Not Allowed</title>
<h1>Method Not Allowed</h1>
<p>The method is not allowed for the requested URL.</p>

HTTP 405: <!DOCTYPE HTML PUBLIC "-//W3C//DTD HTML 3.2 Final//EN">
<title>405 Method Not Allowed</title>
<h1>Method Not Allowed</h1>
<p>The method is not allowed for the requested URL.</p>

HTTP 405: <!DOCTYPE HTML PUBLIC "-//W3C//DTD HTML 3.2 Final//EN">
<title>405 Method Not Allowed</title>
<h1>Method Not Allowed</h1>
<p>The method is not allowed for the requested URL.</p>

HTTP 405: <!DOCTYPE HTML PUBLIC "-//W3C//DTD HTML 3.2 Final//EN">
<title>405 Method Not Allowed</title>
<h1>Method Not Allowed</h1>
<p>The method is not allowed for the requested URL.</p>

HTTP 405: <!DOCTYPE HTML PUBLIC "-//W3C//DTD HTML 3.2 Final//EN">
<title>405 Method Not Allowed</title>
<h1>Method Not Allowed</h1>
<p>The method is not allowed for the requested URL.</p>

HTTP 405: <!DOCTYPE HTML PUBLIC "-//W3C//DTD HTML 3.2 Final//EN">
<title>405 Method Not Allowed</title>
<h1>Method Not Allowed</h1>
<p>The method is not allowed for the requested URL.</p>

HTTP 405: <!DOCTYPE HTML PUBLIC "-//W3C//DTD HTML 3.2 Final//EN">
<title>405 Method Not Allowed</title>
<h1>Method Not Allowed</h1>
<p>The method is not allowed for the requested URL.</p>

HTTP 405: <!DOCTYPE HTML PUBLIC "-//W3C//DTD HTML 3.2 Final//EN">
<title>405 Method Not Allowed</title>
<h1>Method Not Allowed</h1>
<p>The method is not allowed for the requested URL.</p>

HTTP 405: <!DOCTYPE HTML PUBLIC "-//W3C//DTD HTML 3.2 Final//EN">
<title>405 Method Not Allowed</title>
<h1>Method Not Allowed</h1>
<p>The method is not allowed for the requested URL.</p>

HTTP 405: <!DOCTYPE HTML PUBLIC "-//W3C//DTD HTML 3.2 Final//EN">
<title>405 Method Not Allowed</title>
<h1>Method Not Allowed</h1>
<p>The method is not allowed for the requested URL.</p>

HTTP 405: <!DOCTYPE HTML PUBLIC "-//W3C//DTD HTML 3.2 Final//EN">
<title>405 Method Not Allowed</title>
<h1>Method Not Allowed</h1>
<p>The method is not allowed for the requested URL.</p>

HTTP 405: <!DOCTYPE HTML PUBLIC "-//W3C//DTD HTML 3.2 Final//EN">
<title>405 Method Not Allowed</title>
<h1>Method Not Allowed</h1>
<p>The method is not allowed for the requested URL.</p>

HTTP 405: <!DOCTYPE HTML PUBLIC "-//W3C//DTD HTML 3.2 Final//EN">
<title>405 Method Not Allowed</title>
<h1>Method Not Allowed</h1>
<p>The method is not allowed for the requested URL.</p>

HTTP 405: <!DOCTYPE HTML PUBLIC "-//W3C//DTD HTML 3.2 Final//EN">
<title>405 Method Not Allowed</title>
<h1>Method Not Allowed</h1>
<p>The method is not allowed for the requested URL.</p>

HTTP 405: <!DOCTYPE HTML PUBLIC "-//W3C//DTD HTML 3.2 Final//EN">
<title>405 Method Not Allowed</title>
<h1>Method Not Allowed</h1>
<p>The method is not allowed for the requested URL.</p>

HTTP 405: <!DOCTYPE HTML PUBLIC "-//W3C//DTD HTML 3.2 Final//EN">
<title>405 Method Not Allowed</title>
<h1>Method Not Allowed</h1>
<p>The method is not allowed for the requested URL.</p>

HTTP 405: <!DOCTYPE HTML PUBLIC "-//W3C//DTD HTML 3.2 Final//EN">
<title>405 Method Not Allowed</title>
<h1>Method Not Allowed</h1>
<p>The method is not allowed for the requested URL.</p>

HTTP 405: <!DOCTYPE HTML PUBLIC "-//W3C//DTD HTML 3.2 Final//EN">
<title>405 Method Not Allowed</title>
<h1>Method Not Allowed</h1>
<p>The method is not allowed for the requested URL.</p>

HTTP 405: <!DOCTYPE HTML PUBLIC "-//W3C//DTD HTML 3.2 Final//EN">
<title>405 Method Not Allowed</title>
<h1>Method Not Allowed</h1>
<p>The method is not allowed for the requested URL.</p>

HTTP 405: <!DOCTYPE HTML PUBLIC "-//W3C//DTD HTML 3.2 Final//EN">
<title>405 Method Not Allowed</title>
<h1>Method Not Allowed</h1>
<p>The method is not allowed for the requested URL.</p>

HTTP 405: <!DOCTYPE HTML PUBLIC "-//W3C//DTD HTML 3.2 Final//EN">
<title>405 Method Not Allowed</title>
<h1>Method Not Allowed</h1>
<p>The method is not allowed for the requested URL.</p>

HTTP 405: <!DOCTYPE HTML PUBLIC "-//W3C//DTD HTML 3.2 Final//EN">
<title>405 Method Not Allowed</title>
<h1>Method Not Allowed</h1>
<p>The method is not allowed for the requested URL.</p>

HTTP 405: <!DOCTYPE HTML PUBLIC "-//W3C//DTD HTML 3.2 Final//EN">
<title>405 Method Not Allowed</title>
<h1>Method Not Allowed</h1>
<p>The method is not allowed for the requested URL.</p>

HTTP 405: <!DOCTYPE HTML PUBLIC "-//W3C//DTD HTML 3.2 Final//EN">
<title>405 Method Not Allowed</title>
<h1>Method Not Allowed</h1>
<p>The method is not allowed for the requested URL.</p>

HTTP 405: <!DOCTYPE HTML PUBLIC "-//W3C//DTD HTML 3.2 Final//EN">
<title>405 Method Not Allowed</title>
<h1>Method Not Allowed</h1>
<p>The method is not allowed for the requested URL.</p>

HTTP 400: {"data":null,"error":{"code":"invalid_parameter","message":"video_inputs.0.background is invalid: Input tag 'transparent' found using 'type' does not match any of the expected tags: 'color', 'image', 'video'"}}

copied portrait from v5: /Users/haotianliu/.openclaw/workspace/ystar-company/content/offended_ai/v6/sofia_portrait_v4.jpg
[v6] script word count = 142 (target 165-185 for 60s at 3.0 wps)

== 1. Upload portrait (v5 asset inherited) ==
{
  "code": 100,
  "data": {
    "id": "7e2254f19fcc4ac8be226eda1b19b3ac",
    "name": "7e2254f19fcc4ac8be226eda1b19b3ac",
    "file_type": "image",
    "folder_id": "",
    "meta": null,
    "created_ts": 1776128867,
    "url": "https://resource2.heygen.ai/image/7e2254f19fcc4ac8be226eda1b19b3ac/original.jpg",
    "image_key": "image/7e2254f19fcc4ac8be226eda1b19b3ac/original.jpg"
  },
  "msg": null,
  "message": null
}

== 2. Create photo avatar group ==
{
  "error": null,
  "data": {
    "id": "a78fd3c9a1594166a28109c51243da1a",
    "image_url": "https://files2.heygen.ai/image/7e2254f19fcc4ac8be226eda1b19b3ac/original.jpg?Expires=1776733668&Signature=o1mdMOToyhFIa6SzZowLcTxwW~0wtdtqmEbRX5~jNREPcaY7MGnFCh-~BuDt~cnorBEQ-UBq4NKNm4ahgdrEw6hQQft4xU7GB49AuQOikWfbqkNFrDnjcbrGj8Ud5hKME07KmoK39xcHnyG78ubeidQ3dtOZofRTKLrhe2BbeaSI45xWTAfJEI2rD-VGp3goSsOsgZPuaI0t-iLh0IIzmcoOQLzIs8zkYy8kXULKP9Ug3CkEqaCgircM4~e8BFEAZeW43kx8HiTYsqFKSLngO4hOJsd1FCGT4uSVH95sq5yxHJs79jASkaQAJydZTJIyQHaP4FJ9VwLHkDsdxjxxzw__&Key-Pair-Id=K38HBHX5LX3X2H",
    "created_at": 1776128867.753376,
    "name": "sofia_v6_matte_20260413",
    "status": "pending",
    "group_id": "a78fd3c9a1594166a28109c51243da1a",
    "is_motion": false,
    "motion_preview_url": null,
    "business_type": "uploaded",
    "upscale_availability": {
      "available": false,
      "reason": "Photo avatar look upload not completed"
    },
    "upscaled": false,
    "background_sound_effect": null,
    "default_voice_id": null,
    "moderation_msg": null,
    "workflow_error": null
  }
}

== 2b. Wait for avatar group ready ==
[00] check err: HTTP Error 405: METHOD NOT ALLOWED
[01] check err: HTTP Error 405: METHOD NOT ALLOWED
[02] check err: HTTP Error 405: METHOD NOT ALLOWED
[03] check err: HTTP Error 405: METHOD NOT ALLOWED
[04] check err: HTTP Error 405: METHOD NOT ALLOWED
[05] check err: HTTP Error 405: METHOD NOT ALLOWED
[06] check err: HTTP Error 405: METHOD NOT ALLOWED
[07] check err: HTTP Error 405: METHOD NOT ALLOWED
[08] check err: HTTP Error 405: METHOD NOT ALLOWED
[09] check err: HTTP Error 405: METHOD NOT ALLOWED
[10] check err: HTTP Error 405: METHOD NOT ALLOWED
[11] check err: HTTP Error 405: METHOD NOT ALLOWED
[12] check err: HTTP Error 405: METHOD NOT ALLOWED
[13] check err: HTTP Error 405: METHOD NOT ALLOWED
[14] check err: HTTP Error 405: METHOD NOT ALLOWED
[15] check err: HTTP Error 405: METHOD NOT ALLOWED
[16] check err: HTTP Error 405: METHOD NOT ALLOWED
[17] check err: HTTP Error 405: METHOD NOT ALLOWED
[18] check err: HTTP Error 405: METHOD NOT ALLOWED
[19] check err: HTTP Error 405: METHOD NOT ALLOWED
[20] check err: HTTP Error 405: METHOD NOT ALLOWED
[21] check err: HTTP Error 405: METHOD NOT ALLOWED
[22] check err: HTTP Error 405: METHOD NOT ALLOWED
[23] check err: HTTP Error 405: METHOD NOT ALLOWED
[24] check err: HTTP Error 405: METHOD NOT ALLOWED
[25] check err: HTTP Error 405: METHOD NOT ALLOWED
[26] check err: HTTP Error 405: METHOD NOT ALLOWED
[27] check err: HTTP Error 405: METHOD NOT ALLOWED
[28] check err: HTTP Error 405: METHOD NOT ALLOWED
[29] check err: HTTP Error 405: METHOD NOT ALLOWED

== 3. Transparent bg mode (no bg asset upload) ==

== 4. Generate Avatar IV video (transparent bg, expressive+motion_strength=1.0) ==
Traceback (most recent call last):
  File "/Users/haotianliu/.openclaw/workspace/ystar-company/content/offended_ai/v6/heygen_pipeline.py", line 149, in <module>
    g = step("4. Generate Avatar IV video (transparent bg, expressive+motion_strength=1.0)", gen)
  File "/Users/haotianliu/.openclaw/workspace/ystar-company/content/offended_ai/v6/heygen_pipeline.py", line 81, in step
    r = fn()
  File "/Users/haotianliu/.openclaw/workspace/ystar-company/content/offended_ai/v6/heygen_pipeline.py", line 146, in gen
    return http("POST", "https://api.heygen.com/v2/video/generate",
  File "/Users/haotianliu/.openclaw/workspace/ystar-company/content/offended_ai/v6/heygen_pipeline.py", line 71, in http
    with urllib.request.urlopen(req, timeout=180) as r:
  File "/Library/Developer/CommandLineTools/Library/Frameworks/Python3.framework/Versions/3.9/lib/python3.9/urllib/request.py", line 214, in urlopen
    return opener.open(url, data, timeout)
  File "/Library/Developer/CommandLineTools/Library/Frameworks/Python3.framework/Versions/3.9/lib/python3.9/urllib/request.py", line 523, in open
    response = meth(req, response)
  File "/Library/Developer/CommandLineTools/Library/Frameworks/Python3.framework/Versions/3.9/lib/python3.9/urllib/request.py", line 632, in http_response
    response = self.parent.error(
  File "/Library/Developer/CommandLineTools/Library/Frameworks/Python3.framework/Versions/3.9/lib/python3.9/urllib/request.py", line 561, in error
    return self._call_chain(*args)
  File "/Library/Developer/CommandLineTools/Library/Frameworks/Python3.framework/Versions/3.9/lib/python3.9/urllib/request.py", line 494, in _call_chain
    result = func(*args)
  File "/Library/Developer/CommandLineTools/Library/Frameworks/Python3.framework/Versions/3.9/lib/python3.9/urllib/request.py", line 641, in http_error_default
    raise HTTPError(req.full_url, code, msg, hdrs, fp)
urllib.error.HTTPError: HTTP Error 400: BAD REQUEST
HTTP 405: <!DOCTYPE HTML PUBLIC "-//W3C//DTD HTML 3.2 Final//EN">
<title>405 Method Not Allowed</title>
<h1>Method Not Allowed</h1>
<p>The method is not allowed for the requested URL.</p>

HTTP 405: <!DOCTYPE HTML PUBLIC "-//W3C//DTD HTML 3.2 Final//EN">
<title>405 Method Not Allowed</title>
<h1>Method Not Allowed</h1>
<p>The method is not allowed for the requested URL.</p>

HTTP 405: <!DOCTYPE HTML PUBLIC "-//W3C//DTD HTML 3.2 Final//EN">
<title>405 Method Not Allowed</title>
<h1>Method Not Allowed</h1>
<p>The method is not allowed for the requested URL.</p>

HTTP 405: <!DOCTYPE HTML PUBLIC "-//W3C//DTD HTML 3.2 Final//EN">
<title>405 Method Not Allowed</title>
<h1>Method Not Allowed</h1>
<p>The method is not allowed for the requested URL.</p>

HTTP 405: <!DOCTYPE HTML PUBLIC "-//W3C//DTD HTML 3.2 Final//EN">
<title>405 Method Not Allowed</title>
<h1>Method Not Allowed</h1>
<p>The method is not allowed for the requested URL.</p>

HTTP 405: <!DOCTYPE HTML PUBLIC "-//W3C//DTD HTML 3.2 Final//EN">
<title>405 Method Not Allowed</title>
<h1>Method Not Allowed</h1>
<p>The method is not allowed for the requested URL.</p>

HTTP 405: <!DOCTYPE HTML PUBLIC "-//W3C//DTD HTML 3.2 Final//EN">
<title>405 Method Not Allowed</title>
<h1>Method Not Allowed</h1>
<p>The method is not allowed for the requested URL.</p>

HTTP 405: <!DOCTYPE HTML PUBLIC "-//W3C//DTD HTML 3.2 Final//EN">
<title>405 Method Not Allowed</title>
<h1>Method Not Allowed</h1>
<p>The method is not allowed for the requested URL.</p>

HTTP 405: <!DOCTYPE HTML PUBLIC "-//W3C//DTD HTML 3.2 Final//EN">
<title>405 Method Not Allowed</title>
<h1>Method Not Allowed</h1>
<p>The method is not allowed for the requested URL.</p>

HTTP 405: <!DOCTYPE HTML PUBLIC "-//W3C//DTD HTML 3.2 Final//EN">
<title>405 Method Not Allowed</title>
<h1>Method Not Allowed</h1>
<p>The method is not allowed for the requested URL.</p>

HTTP 405: <!DOCTYPE HTML PUBLIC "-//W3C//DTD HTML 3.2 Final//EN">
<title>405 Method Not Allowed</title>
<h1>Method Not Allowed</h1>
<p>The method is not allowed for the requested URL.</p>

HTTP 405: <!DOCTYPE HTML PUBLIC "-//W3C//DTD HTML 3.2 Final//EN">
<title>405 Method Not Allowed</title>
<h1>Method Not Allowed</h1>
<p>The method is not allowed for the requested URL.</p>

HTTP 405: <!DOCTYPE HTML PUBLIC "-//W3C//DTD HTML 3.2 Final//EN">
<title>405 Method Not Allowed</title>
<h1>Method Not Allowed</h1>
<p>The method is not allowed for the requested URL.</p>

HTTP 405: <!DOCTYPE HTML PUBLIC "-//W3C//DTD HTML 3.2 Final//EN">
<title>405 Method Not Allowed</title>
<h1>Method Not Allowed</h1>
<p>The method is not allowed for the requested URL.</p>

HTTP 405: <!DOCTYPE HTML PUBLIC "-//W3C//DTD HTML 3.2 Final//EN">
<title>405 Method Not Allowed</title>
<h1>Method Not Allowed</h1>
<p>The method is not allowed for the requested URL.</p>

HTTP 405: <!DOCTYPE HTML PUBLIC "-//W3C//DTD HTML 3.2 Final//EN">
<title>405 Method Not Allowed</title>
<h1>Method Not Allowed</h1>
<p>The method is not allowed for the requested URL.</p>

HTTP 405: <!DOCTYPE HTML PUBLIC "-//W3C//DTD HTML 3.2 Final//EN">
<title>405 Method Not Allowed</title>
<h1>Method Not Allowed</h1>
<p>The method is not allowed for the requested URL.</p>

HTTP 405: <!DOCTYPE HTML PUBLIC "-//W3C//DTD HTML 3.2 Final//EN">
<title>405 Method Not Allowed</title>
<h1>Method Not Allowed</h1>
<p>The method is not allowed for the requested URL.</p>

HTTP 405: <!DOCTYPE HTML PUBLIC "-//W3C//DTD HTML 3.2 Final//EN">
<title>405 Method Not Allowed</title>
<h1>Method Not Allowed</h1>
<p>The method is not allowed for the requested URL.</p>

HTTP 405: <!DOCTYPE HTML PUBLIC "-//W3C//DTD HTML 3.2 Final//EN">
<title>405 Method Not Allowed</title>
<h1>Method Not Allowed</h1>
<p>The method is not allowed for the requested URL.</p>

HTTP 405: <!DOCTYPE HTML PUBLIC "-//W3C//DTD HTML 3.2 Final//EN">
<title>405 Method Not Allowed</title>
<h1>Method Not Allowed</h1>
<p>The method is not allowed for the requested URL.</p>

HTTP 405: <!DOCTYPE HTML PUBLIC "-//W3C//DTD HTML 3.2 Final//EN">
<title>405 Method Not Allowed</title>
<h1>Method Not Allowed</h1>
<p>The method is not allowed for the requested URL.</p>

HTTP 405: <!DOCTYPE HTML PUBLIC "-//W3C//DTD HTML 3.2 Final//EN">
<title>405 Method Not Allowed</title>
<h1>Method Not Allowed</h1>
<p>The method is not allowed for the requested URL.</p>

HTTP 405: <!DOCTYPE HTML PUBLIC "-//W3C//DTD HTML 3.2 Final//EN">
<title>405 Method Not Allowed</title>
<h1>Method Not Allowed</h1>
<p>The method is not allowed for the requested URL.</p>

HTTP 405: <!DOCTYPE HTML PUBLIC "-//W3C//DTD HTML 3.2 Final//EN">
<title>405 Method Not Allowed</title>
<h1>Method Not Allowed</h1>
<p>The method is not allowed for the requested URL.</p>

HTTP 405: <!DOCTYPE HTML PUBLIC "-//W3C//DTD HTML 3.2 Final//EN">
<title>405 Method Not Allowed</title>
<h1>Method Not Allowed</h1>
<p>The method is not allowed for the requested URL.</p>

HTTP 405: <!DOCTYPE HTML PUBLIC "-//W3C//DTD HTML 3.2 Final//EN">
<title>405 Method Not Allowed</title>
<h1>Method Not Allowed</h1>
<p>The method is not allowed for the requested URL.</p>

HTTP 405: <!DOCTYPE HTML PUBLIC "-//W3C//DTD HTML 3.2 Final//EN">
<title>405 Method Not Allowed</title>
<h1>Method Not Allowed</h1>
<p>The method is not allowed for the requested URL.</p>

HTTP 405: <!DOCTYPE HTML PUBLIC "-//W3C//DTD HTML 3.2 Final//EN">
<title>405 Method Not Allowed</title>
<h1>Method Not Allowed</h1>
<p>The method is not allowed for the requested URL.</p>

HTTP 405: <!DOCTYPE HTML PUBLIC "-//W3C//DTD HTML 3.2 Final//EN">
<title>405 Method Not Allowed</title>
<h1>Method Not Allowed</h1>
<p>The method is not allowed for the requested URL.</p>

ffmpeg version 8.1 Copyright (c) 2000-2026 the FFmpeg developers
  built with Apple clang version 21.0.0 (clang-2100.0.123.102)
  configuration: --prefix=/opt/homebrew/Cellar/ffmpeg/8.1 --enable-shared --enable-pthreads --enable-version3 --cc=clang --host-cflags= --host-ldflags= --enable-ffplay --enable-gpl --enable-libsvtav1 --enable-libopus --enable-libx264 --enable-libmp3lame --enable-libdav1d --enable-libvmaf --enable-libvpx --enable-libx265 --enable-openssl --enable-videotoolbox --enable-audiotoolbox --enable-neon
  libavutil      60. 26.100 / 60. 26.100
  libavcodec     62. 28.100 / 62. 28.100
  libavformat    62. 12.100 / 62. 12.100
  libavdevice    62.  3.100 / 62.  3.100
  libavfilter    11. 14.100 / 11. 14.100
  libswscale      9.  5.100 /  9.  5.100
  libswresample   6.  3.100 /  6.  3.100
Input #0, mov,mp4,m4a,3gp,3g2,mj2, from '/Users/haotianliu/.openclaw/workspace/ystar-company/docs/sofia_intro.mp4':
  Metadata:
    major_brand     : isom
    minor_version   : 512
    compatible_brands: isomiso2avc1mp41
    encoder         : Lavf62.3.100
  Duration: 00:00:11.74, start: 0.000000, bitrate: 2002 kb/s
  Stream #0:0[0x1](und): Video: h264 (High) (avc1 / 0x31637661), yuv420p(progressive), 1280x720 [SAR 1:1 DAR 16:9], 1808 kb/s, 25 fps, 25 tbr, 12800 tbn (default)
    Metadata:
      handler_name    : VideoHandler
  Stream #0:1[0x2](und): Audio: aac (LC) (mp4a / 0x6134706D), 48000 Hz, stereo, fltp, 189 kb/s (default)
    Metadata:
      handler_name    : SoundHandler
Stream mapping:
  Stream #0:0 -> #0:0 (h264 (native) -> png (native))
Press [q] to stop, [?] for help
Output #0, image2, to '/Users/haotianliu/.openclaw/workspace/ystar-company/content/offended_ai/v6/bg_frames/bg_%04d.png':
  Metadata:
    major_brand     : isom
    minor_version   : 512
    compatible_brands: isomiso2avc1mp41
    encoder         : Lavf62.12.100
  Stream #0:0(und): Video: png, rgb24(pc, gbr/unknown/unknown, progressive), 1280x720 [SAR 1:1 DAR 16:9], q=2-31, 200 kb/s, 30 fps, 30 tbn (default)
    Metadata:
      encoder         : Lavc62.28.100 png
      handler_name    : VideoHandler
frame=   30 fps=0.0 q=-0.0 size=N/A time=00:00:01.00 bitrate=N/A speed=1.95x elapsed=0:00:00.51    frame=   60 fps= 59 q=-0.0 size=N/A time=00:00:02.00 bitrate=N/A speed=1.97x elapsed=0:00:01.01    frame=   89 fps= 58 q=-0.0 size=N/A time=00:00:02.96 bitrate=N/A speed=1.95x elapsed=0:00:01.52    frame=  114 fps= 56 q=-0.0 size=N/A time=00:00:03.80 bitrate=N/A speed=1.87x elapsed=0:00:02.03    frame=  146 fps= 57 q=-0.0 size=N/A time=00:00:04.86 bitrate=N/A speed=1.92x elapsed=0:00:02.54    frame=  172 fps= 56 q=-0.0 size=N/A time=00:00:05.73 bitrate=N/A speed=1.88x elapsed=0:00:03.04    frame=  201 fps= 57 q=-0.0 size=N/A time=00:00:06.70 bitrate=N/A speed=1.89x elapsed=0:00:03.55    frame=  229 fps= 56 q=-0.0 size=N/A time=00:00:07.63 bitrate=N/A speed=1.88x elapsed=0:00:04.06    frame=  257 fps= 56 q=-0.0 size=N/A time=00:00:08.56 bitrate=N/A speed=1.88x elapsed=0:00:04.56    frame=  286 fps= 56 q=-0.0 size=N/A time=00:00:09.53 bitrate=N/A speed=1.88x elapsed=0:00:05.08    frame=  316 fps= 57 q=-0.0 size=N/A time=00:00:10.53 bitrate=N/A speed=1.89x elapsed=0:00:05.58    frame=  346 fps= 57 q=-0.0 size=N/A time=00:00:11.53 bitrate=N/A speed=1.89x elapsed=0:00:06.09    [out#0/image2 @ 0x79ac183c0] video:260385KiB audio:0KiB subtitle:0KiB other streams:0KiB global headers:0KiB muxing overhead: unknown
frame=  352 fps= 57 q=-0.0 Lsize=N/A time=00:00:11.73 bitrate=N/A speed=1.91x elapsed=0:00:06.13    
ffmpeg version 8.1 Copyright (c) 2000-2026 the FFmpeg developers
  built with Apple clang version 21.0.0 (clang-2100.0.123.102)
  configuration: --prefix=/opt/homebrew/Cellar/ffmpeg/8.1 --enable-shared --enable-pthreads --enable-version3 --cc=clang --host-cflags= --host-ldflags= --enable-ffplay --enable-gpl --enable-libsvtav1 --enable-libopus --enable-libx264 --enable-libmp3lame --enable-libdav1d --enable-libvmaf --enable-libvpx --enable-libx265 --enable-openssl --enable-videotoolbox --enable-audiotoolbox --enable-neon
  libavutil      60. 26.100 / 60. 26.100
  libavcodec     62. 28.100 / 62. 28.100
  libavformat    62. 12.100 / 62. 12.100
  libavdevice    62.  3.100 / 62.  3.100
  libavfilter    11. 14.100 / 11. 14.100
  libswscale      9.  5.100 /  9.  5.100
  libswresample   6.  3.100 /  6.  3.100
Input #0, image2, from '/Users/haotianliu/.openclaw/workspace/ystar-company/content/offended_ai/v6/bg_frames/bg_%04d.png':
  Duration: 00:00:11.73, start: 0.000000, bitrate: N/A
  Stream #0:0: Video: png, rgb24(pc, gbr/unknown/unknown), 1280x720 [SAR 1:1 DAR 16:9], 30 fps, 30 tbr, 30 tbn
Input #1, mov,mp4,m4a,3gp,3g2,mj2, from 'raw_heygen_v6.mp4':
  Metadata:
    major_brand     : isom
    minor_version   : 512
    compatible_brands: isomiso2avc1mp41
    encoder         : Lavf62.3.100
  Duration: 00:00:52.25, start: 0.000000, bitrate: 487 kb/s
  Stream #1:0[0x1](und): Video: h264 (High) (avc1 / 0x31637661), yuv420p(progressive), 1280x720 [SAR 1:1 DAR 16:9], 292 kb/s, 25 fps, 25 tbr, 12800 tbn (default)
    Metadata:
      handler_name    : VideoHandler
  Stream #1:1[0x2](und): Audio: aac (LC) (mp4a / 0x6134706D), 48000 Hz, stereo, fltp, 189 kb/s (default)
    Metadata:
      handler_name    : SoundHandler
Input #2, png_pipe, from '/Users/haotianliu/.openclaw/workspace/ystar-company/content/offended_ai/v6/overlay_lower_third.png':
  Duration: N/A, bitrate: N/A
  Stream #2:0: Video: png, rgba(pc, gbr/unknown/unknown), 1280x720, 25 fps, 25 tbr, 25 tbn
Stream mapping:
  Stream #0:0 (png) -> overlay
  Stream #1:0 (h264) -> chromakey:default
  Stream #2:0 (png) -> overlay
  overlay:default -> Stream #0:0 (libx264)
  Stream #1:1 -> #0:1 (aac (native) -> aac (native))
Press [q] to stop, [?] for help
[libx264 @ 0xa58c35f80] using SAR=1/1
[libx264 @ 0xa58c35f80] using cpu capabilities: ARMv8 NEON DotProd I8MM
[libx264 @ 0xa58c35f80] profile High, level 3.1, 4:2:0, 8-bit
[libx264 @ 0xa58c35f80] 264 - core 165 r3222 b35605a - H.264/MPEG-4 AVC codec - Copyleft 2003-2025 - http://www.videolan.org/x264.html - options: cabac=1 ref=3 deblock=1:0:0 analyse=0x3:0x113 me=hex subme=7 psy=1 psy_rd=1.00:0.00 mixed_ref=1 me_range=16 chroma_me=1 trellis=1 8x8dct=1 cqm=0 deadzone=21,11 fast_pskip=1 chroma_qp_offset=-2 threads=15 lookahead_threads=2 sliced_threads=0 nr=0 decimate=1 interlaced=0 bluray_compat=0 constrained_intra=0 bframes=3 b_pyramid=2 b_adapt=1 b_bias=0 direct=1 weightb=1 open_gop=0 weightp=2 keyint=250 keyint_min=25 scenecut=40 intra_refresh=0 rc_lookahead=40 rc=crf mbtree=1 crf=20.0 qcomp=0.60 qpmin=0 qpmax=69 qpstep=4 ip_ratio=1.40 aq=1:1.00
Output #0, mp4, to 'episode_001_FINAL_60s_v6.mp4':
  Metadata:
    encoder         : Lavf62.12.100
  Stream #0:0: Video: h264 (avc1 / 0x31637661), yuv420p(tv, progressive), 1280x720 [SAR 1:1 DAR 16:9], q=2-31, 30 fps, 15360 tbn
    Metadata:
      encoder         : Lavc62.28.100 libx264
    Side data:
      CPB properties: bitrate max/min/avg: 0/0/0 buffer size: 0 vbv_delay: N/A
  Stream #0:1(und): Audio: aac (LC) (mp4a / 0x6134706D), 48000 Hz, stereo, fltp, 128 kb/s (default)
    Metadata:
      encoder         : Lavc62.28.100 aac
      handler_name    : SoundHandler
frame=   23 fps=0.0 q=26.0 size=       0KiB time=00:00:00.70 bitrate=   0.5kbits/s speed=1.37x elapsed=0:00:00.51    frame=   98 fps= 96 q=26.0 size=     512KiB time=00:00:03.20 bitrate=1310.8kbits/s speed=3.15x elapsed=0:00:01.01    frame=  171 fps=112 q=26.0 size=    1024KiB time=00:00:05.63 bitrate=1489.2kbits/s speed=3.69x elapsed=0:00:01.52    frame=  244 fps=120 q=26.0 size=    1280KiB time=00:00:08.06 bitrate=1299.9kbits/s speed=3.97x elapsed=0:00:02.03    frame=  293 fps=115 q=26.0 size=    1792KiB time=00:00:29.67 bitrate= 494.7kbits/s speed=11.7x elapsed=0:00:02.54    [mp4 @ 0xa58d38500] Starting second pass: moving the moov atom to the beginning of the file
[out#0/mp4 @ 0xa58c1c900] video:1911KiB audio:793KiB subtitle:0KiB other streams:0KiB global headers:0KiB muxing overhead: 0.755750%
frame=  352 fps=120 q=-1.0 Lsize=    2724KiB time=00:00:11.66 bitrate=1912.7kbits/s speed=3.97x elapsed=0:00:02.93    
[libx264 @ 0xa58c35f80] frame I:2     Avg QP:16.19  size: 76330
[libx264 @ 0xa58c35f80] frame P:94    Avg QP:17.51  size: 12967
[libx264 @ 0xa58c35f80] frame B:256   Avg QP:21.80  size:  2283
[libx264 @ 0xa58c35f80] consecutive B-frames:  1.1%  5.7%  0.0% 93.2%
[libx264 @ 0xa58c35f80] mb I  I16..4: 15.0% 67.7% 17.3%
[libx264 @ 0xa58c35f80] mb P  I16..4:  0.8%  4.4%  0.8%  P16..4: 27.0% 14.6%  8.6%  0.0%  0.0%    skip:43.8%
[libx264 @ 0xa58c35f80] mb B  I16..4:  0.0%  0.4%  0.1%  B16..8: 22.1%  2.1%  0.4%  direct: 0.6%  skip:74.2%  L0:48.6% L1:47.0% BI: 4.4%
[libx264 @ 0xa58c35f80] 8x8 transform intra:72.8% inter:77.6%
[libx264 @ 0xa58c35f80] coded y,uvDC,uvAC intra: 71.1% 77.2% 31.9% inter: 6.8% 7.3% 0.2%
[libx264 @ 0xa58c35f80] i16 v,h,dc,p: 21% 40% 17% 21%
[libx264 @ 0xa58c35f80] i8 v,h,dc,ddl,ddr,vr,hd,vl,hu: 18% 20% 17%  3%  8% 13%  9%  4%  7%
[libx264 @ 0xa58c35f80] i4 v,h,dc,ddl,ddr,vr,hd,vl,hu: 20% 23% 11%  4% 11% 12% 10%  4%  5%
[libx264 @ 0xa58c35f80] i8c dc,h,v,p: 43% 25% 22% 10%
[libx264 @ 0xa58c35f80] Weighted P-Frames: Y:0.0% UV:0.0%
[libx264 @ 0xa58c35f80] ref P L0: 65.8% 10.5% 16.9%  6.7%
[libx264 @ 0xa58c35f80] ref B L0: 89.4%  8.5%  2.1%
[libx264 @ 0xa58c35f80] ref B L1: 95.3%  4.7%
[libx264 @ 0xa58c35f80] kb/s:1333.57
[aac @ 0xa58c36680] Qavg: 3575.185
[v6] script word count = 142 (target 165-185 for 60s at 3.0 wps)

== 1. Upload portrait (v5 asset inherited) ==
{
  "code": 100,
  "data": {
    "id": "8a66c086eeee460e8d3b4b7b380de08a",
    "name": "8a66c086eeee460e8d3b4b7b380de08a",
    "file_type": "image",
    "folder_id": "",
    "meta": null,
    "created_ts": 1776129057,
    "url": "https://resource2.heygen.ai/image/8a66c086eeee460e8d3b4b7b380de08a/original.jpg",
    "image_key": "image/8a66c086eeee460e8d3b4b7b380de08a/original.jpg"
  },
  "msg": null,
  "message": null
}

== 2. Create photo avatar group ==
{
  "error": null,
  "data": {
    "id": "09cceb2a2b754d8580b9936430331172",
    "image_url": "https://files2.heygen.ai/image/8a66c086eeee460e8d3b4b7b380de08a/original.jpg?Expires=1776733858&Signature=V-0tSgRX15GQzeWnIj9bZacsoOqQtduHMZ2228YR~172wD8jS9yaCK~E2jLFW~QQFdiOyGCTOhGRrpyirviPy257Scvd2LLpV~cBQYjxe00MpXBhflC2c37z371nyFMPkeou5KfupDC30q4FaHBeOTjF5BY5No1FJIYwEuercdaU0cXuVPf3Kuu-EXBJseIKjy9e0wpD2QffRIShhAolWwlyZxnYIsdgmVVmk07h5jA9GpqfMd9VtQqsuNoWPG663spVBmtKd640mF-J8EeqUcFvbFPOj9hOUxju2f4ZKz5WNOySvhNnL0iS0DGK~sMo2YRg7rcBCIn3BIyhiWAH7w__&Key-Pair-Id=K38HBHX5LX3X2H",
    "created_at": 1776129058.289434,
    "name": "sofia_v6_matte_20260413",
    "status": "pending",
    "group_id": "09cceb2a2b754d8580b9936430331172",
    "is_motion": false,
    "motion_preview_url": null,
    "business_type": "uploaded",
    "upscale_availability": {
      "available": false,
      "reason": "Photo avatar look upload not completed"
    },
    "upscaled": false,
    "background_sound_effect": null,
    "default_voice_id": null,
    "moderation_msg": null,
    "workflow_error": null
  }
}

== 2b. Wait for avatar group ready ==
[00] check err: HTTP Error 405: METHOD NOT ALLOWED
[01] check err: HTTP Error 405: METHOD NOT ALLOWED
[02] check err: HTTP Error 405: METHOD NOT ALLOWED
[03] check err: HTTP Error 405: METHOD NOT ALLOWED
[04] check err: HTTP Error 405: METHOD NOT ALLOWED
[05] check err: HTTP Error 405: METHOD NOT ALLOWED
[06] check err: HTTP Error 405: METHOD NOT ALLOWED
[07] check err: HTTP Error 405: METHOD NOT ALLOWED
[08] check err: HTTP Error 405: METHOD NOT ALLOWED
[09] check err: HTTP Error 405: METHOD NOT ALLOWED
[10] check err: HTTP Error 405: METHOD NOT ALLOWED
[11] check err: HTTP Error 405: METHOD NOT ALLOWED
[12] check err: HTTP Error 405: METHOD NOT ALLOWED
[13] check err: HTTP Error 405: METHOD NOT ALLOWED
[14] check err: HTTP Error 405: METHOD NOT ALLOWED
[15] check err: HTTP Error 405: METHOD NOT ALLOWED
[16] check err: HTTP Error 405: METHOD NOT ALLOWED
[17] check err: HTTP Error 405: METHOD NOT ALLOWED
[18] check err: HTTP Error 405: METHOD NOT ALLOWED
[19] check err: HTTP Error 405: METHOD NOT ALLOWED
[20] check err: HTTP Error 405: METHOD NOT ALLOWED
[21] check err: HTTP Error 405: METHOD NOT ALLOWED
[22] check err: HTTP Error 405: METHOD NOT ALLOWED
[23] check err: HTTP Error 405: METHOD NOT ALLOWED
[24] check err: HTTP Error 405: METHOD NOT ALLOWED
[25] check err: HTTP Error 405: METHOD NOT ALLOWED
[26] check err: HTTP Error 405: METHOD NOT ALLOWED
[27] check err: HTTP Error 405: METHOD NOT ALLOWED
[28] check err: HTTP Error 405: METHOD NOT ALLOWED
[29] check err: HTTP Error 405: METHOD NOT ALLOWED

== 3. Green screen bg (chroma-key in post) ==

== 4. Generate Avatar IV video (green screen bg, expressive+motion_strength=1.0) ==
{
  "error": null,
  "data": {
    "video_id": "ee1f07fbef90433a8bb50e4b1ca6bfd4"
  }
}

== 5. Poll status ==
[00] status=waiting
[01] status=processing
[02] status=processing
[03] status=processing
[04] status=processing
[05] status=processing
[06] status=processing
[07] status=processing
[08] status=processing
[09] status=processing
[10] status=processing
[11] status=processing
[12] status=processing
[13] status=processing
[14] status=processing
[15] status=processing
[16] status=processing
[17] status=completed
VIDEO_URL=https://files2.heygen.ai/aws_pacific/avatar_tmp/e57ca395ff1740708674fe17987df17b/ee1f07fbef90433a8bb50e4b1ca6bfd4.mp4?Ex...
Downloaded raw_heygen_v6.mp4 (3186276 bytes)

== 6. Extract sofia_intro.mp4 frames as bg sequence ==
Extracted bg frames to /Users/haotianliu/.openclaw/workspace/ystar-company/content/offended_ai/v6/bg_frames

== 7. Chroma-key green screen onto real bg + lower-third ==
Wrote episode_001_FINAL_60s_v6.mp4 (2789296 bytes)
Copied -> /Users/haotianliu/.openclaw/workspace/ystar-company/content/offended_ai/episode_001_FINAL_60s_v6.mp4
duration_sec=52.247000
