HTTP 405: <!DOCTYPE HTML PUBLIC "-//W3C//DTD HTML 3.2 Final//EN">
<title>405 Method Not Allowed</title>
<h1>Method Not Allowed</h1>
<p>The method is not allowed for the requested URL.</p>

HTTP 405: <!DOCTYPE HTML PUBLIC "-//W3C//DTD HTML 3.2 Final//EN">
<title>405 Method Not Allowed</title>
<h1>Method Not Allowed</h1>
<p>The method is not allowed for the requested URL.</p>

HTTP 405: <!DOCTYPE HTML PUBLIC "-//W3C//DTD HTML 3.2 Final//EN">
<title>405 Method Not Allowed</title>
<h1>Method Not Allowed</h1>
<p>The method is not allowed for the requested URL.</p>

HTTP 405: <!DOCTYPE HTML PUBLIC "-//W3C//DTD HTML 3.2 Final//EN">
<title>405 Method Not Allowed</title>
<h1>Method Not Allowed</h1>
<p>The method is not allowed for the requested URL.</p>

HTTP 405: <!DOCTYPE HTML PUBLIC "-//W3C//DTD HTML 3.2 Final//EN">
<title>405 Method Not Allowed</title>
<h1>Method Not Allowed</h1>
<p>The method is not allowed for the requested URL.</p>

HTTP 405: <!DOCTYPE HTML PUBLIC "-//W3C//DTD HTML 3.2 Final//EN">
<title>405 Method Not Allowed</title>
<h1>Method Not Allowed</h1>
<p>The method is not allowed for the requested URL.</p>

HTTP 405: <!DOCTYPE HTML PUBLIC "-//W3C//DTD HTML 3.2 Final//EN">
<title>405 Method Not Allowed</title>
<h1>Method Not Allowed</h1>
<p>The method is not allowed for the requested URL.</p>

HTTP 405: <!DOCTYPE HTML PUBLIC "-//W3C//DTD HTML 3.2 Final//EN">
<title>405 Method Not Allowed</title>
<h1>Method Not Allowed</h1>
<p>The method is not allowed for the requested URL.</p>

HTTP 405: <!DOCTYPE HTML PUBLIC "-//W3C//DTD HTML 3.2 Final//EN">
<title>405 Method Not Allowed</title>
<h1>Method Not Allowed</h1>
<p>The method is not allowed for the requested URL.</p>

HTTP 405: <!DOCTYPE HTML PUBLIC "-//W3C//DTD HTML 3.2 Final//EN">
<title>405 Method Not Allowed</title>
<h1>Method Not Allowed</h1>
<p>The method is not allowed for the requested URL.</p>

HTTP 405: <!DOCTYPE HTML PUBLIC "-//W3C//DTD HTML 3.2 Final//EN">
<title>405 Method Not Allowed</title>
<h1>Method Not Allowed</h1>
<p>The method is not allowed for the requested URL.</p>

HTTP 405: <!DOCTYPE HTML PUBLIC "-//W3C//DTD HTML 3.2 Final//EN">
<title>405 Method Not Allowed</title>
<h1>Method Not Allowed</h1>
<p>The method is not allowed for the requested URL.</p>

HTTP 405: <!DOCTYPE HTML PUBLIC "-//W3C//DTD HTML 3.2 Final//EN">
<title>405 Method Not Allowed</title>
<h1>Method Not Allowed</h1>
<p>The method is not allowed for the requested URL.</p>

HTTP 405: <!DOCTYPE HTML PUBLIC "-//W3C//DTD HTML 3.2 Final//EN">
<title>405 Method Not Allowed</title>
<h1>Method Not Allowed</h1>
<p>The method is not allowed for the requested URL.</p>

HTTP 405: <!DOCTYPE HTML PUBLIC "-//W3C//DTD HTML 3.2 Final//EN">
<title>405 Method Not Allowed</title>
<h1>Method Not Allowed</h1>
<p>The method is not allowed for the requested URL.</p>

HTTP 405: <!DOCTYPE HTML PUBLIC "-//W3C//DTD HTML 3.2 Final//EN">
<title>405 Method Not Allowed</title>
<h1>Method Not Allowed</h1>
<p>The method is not allowed for the requested URL.</p>

HTTP 405: <!DOCTYPE HTML PUBLIC "-//W3C//DTD HTML 3.2 Final//EN">
<title>405 Method Not Allowed</title>
<h1>Method Not Allowed</h1>
<p>The method is not allowed for the requested URL.</p>

HTTP 405: <!DOCTYPE HTML PUBLIC "-//W3C//DTD HTML 3.2 Final//EN">
<title>405 Method Not Allowed</title>
<h1>Method Not Allowed</h1>
<p>The method is not allowed for the requested URL.</p>

HTTP 405: <!DOCTYPE HTML PUBLIC "-//W3C//DTD HTML 3.2 Final//EN">
<title>405 Method Not Allowed</title>
<h1>Method Not Allowed</h1>
<p>The method is not allowed for the requested URL.</p>

HTTP 405: <!DOCTYPE HTML PUBLIC "-//W3C//DTD HTML 3.2 Final//EN">
<title>405 Method Not Allowed</title>
<h1>Method Not Allowed</h1>
<p>The method is not allowed for the requested URL.</p>

HTTP 405: <!DOCTYPE HTML PUBLIC "-//W3C//DTD HTML 3.2 Final//EN">
<title>405 Method Not Allowed</title>
<h1>Method Not Allowed</h1>
<p>The method is not allowed for the requested URL.</p>

HTTP 405: <!DOCTYPE HTML PUBLIC "-//W3C//DTD HTML 3.2 Final//EN">
<title>405 Method Not Allowed</title>
<h1>Method Not Allowed</h1>
<p>The method is not allowed for the requested URL.</p>

HTTP 405: <!DOCTYPE HTML PUBLIC "-//W3C//DTD HTML 3.2 Final//EN">
<title>405 Method Not Allowed</title>
<h1>Method Not Allowed</h1>
<p>The method is not allowed for the requested URL.</p>

HTTP 405: <!DOCTYPE HTML PUBLIC "-//W3C//DTD HTML 3.2 Final//EN">
<title>405 Method Not Allowed</title>
<h1>Method Not Allowed</h1>
<p>The method is not allowed for the requested URL.</p>

HTTP 405: <!DOCTYPE HTML PUBLIC "-//W3C//DTD HTML 3.2 Final//EN">
<title>405 Method Not Allowed</title>
<h1>Method Not Allowed</h1>
<p>The method is not allowed for the requested URL.</p>

HTTP 405: <!DOCTYPE HTML PUBLIC "-//W3C//DTD HTML 3.2 Final//EN">
<title>405 Method Not Allowed</title>
<h1>Method Not Allowed</h1>
<p>The method is not allowed for the requested URL.</p>

HTTP 405: <!DOCTYPE HTML PUBLIC "-//W3C//DTD HTML 3.2 Final//EN">
<title>405 Method Not Allowed</title>
<h1>Method Not Allowed</h1>
<p>The method is not allowed for the requested URL.</p>

HTTP 405: <!DOCTYPE HTML PUBLIC "-//W3C//DTD HTML 3.2 Final//EN">
<title>405 Method Not Allowed</title>
<h1>Method Not Allowed</h1>
<p>The method is not allowed for the requested URL.</p>

HTTP 405: <!DOCTYPE HTML PUBLIC "-//W3C//DTD HTML 3.2 Final//EN">
<title>405 Method Not Allowed</title>
<h1>Method Not Allowed</h1>
<p>The method is not allowed for the requested URL.</p>

HTTP 405: <!DOCTYPE HTML PUBLIC "-//W3C//DTD HTML 3.2 Final//EN">
<title>405 Method Not Allowed</title>
<h1>Method Not Allowed</h1>
<p>The method is not allowed for the requested URL.</p>

ffmpeg version 8.1 Copyright (c) 2000-2026 the FFmpeg developers
  built with Apple clang version 21.0.0 (clang-2100.0.123.102)
  configuration: --prefix=/opt/homebrew/Cellar/ffmpeg/8.1 --enable-shared --enable-pthreads --enable-version3 --cc=clang --host-cflags= --host-ldflags= --enable-ffplay --enable-gpl --enable-libsvtav1 --enable-libopus --enable-libx264 --enable-libmp3lame --enable-libdav1d --enable-libvmaf --enable-libvpx --enable-libx265 --enable-openssl --enable-videotoolbox --enable-audiotoolbox --enable-neon
  libavutil      60. 26.100 / 60. 26.100
  libavcodec     62. 28.100 / 62. 28.100
  libavformat    62. 12.100 / 62. 12.100
  libavdevice    62.  3.100 / 62.  3.100
  libavfilter    11. 14.100 / 11. 14.100
  libswscale      9.  5.100 /  9.  5.100
  libswresample   6.  3.100 /  6.  3.100
Input #0, mov,mp4,m4a,3gp,3g2,mj2, from 'raw_heygen.mp4':
  Metadata:
    major_brand     : isom
    minor_version   : 512
    compatible_brands: isomiso2avc1mp41
    encoder         : Lavf62.3.100
  Duration: 00:00:50.82, start: 0.000000, bitrate: 480 kb/s
  Stream #0:0[0x1](und): Video: h264 (High) (avc1 / 0x31637661), yuv420p(progressive), 1280x720 [SAR 1:1 DAR 16:9], 284 kb/s, 25 fps, 25 tbr, 12800 tbn (default)
    Metadata:
      handler_name    : VideoHandler
  Stream #0:1[0x2](und): Audio: aac (LC) (mp4a / 0x6134706D), 48000 Hz, stereo, fltp, 189 kb/s (default)
    Metadata:
      handler_name    : SoundHandler
Input #1, png_pipe, from '/Users/haotianliu/.openclaw/workspace/ystar-company/content/offended_ai/v5/overlay_lower_third.png':
  Duration: N/A, bitrate: N/A
  Stream #1:0: Video: png, rgba(pc, gbr/unknown/unknown), 1280x720, 25 fps, 25 tbr, 25 tbn
Stream mapping:
  Stream #0:0 (h264) -> overlay
  Stream #1:0 (png) -> overlay
  overlay:default -> Stream #0:0 (libx264)
  Stream #0:1 -> #0:1 (aac (native) -> aac (native))
Press [q] to stop, [?] for help
[libx264 @ 0x9d0c6d880] using SAR=1/1
[libx264 @ 0x9d0c6d880] using cpu capabilities: ARMv8 NEON DotProd I8MM
[libx264 @ 0x9d0c6d880] profile High 4:4:4 Predictive, level 3.1, 4:4:4, 8-bit
[libx264 @ 0x9d0c6d880] 264 - core 165 r3222 b35605a - H.264/MPEG-4 AVC codec - Copyleft 2003-2025 - http://www.videolan.org/x264.html - options: cabac=1 ref=3 deblock=1:0:0 analyse=0x3:0x113 me=hex subme=7 psy=1 psy_rd=1.00:0.00 mixed_ref=1 me_range=16 chroma_me=1 trellis=1 8x8dct=1 cqm=0 deadzone=21,11 fast_pskip=1 chroma_qp_offset=4 threads=15 lookahead_threads=2 sliced_threads=0 nr=0 decimate=1 interlaced=0 bluray_compat=0 constrained_intra=0 bframes=3 b_pyramid=2 b_adapt=1 b_bias=0 direct=1 weightb=1 open_gop=0 weightp=2 keyint=250 keyint_min=25 scenecut=40 intra_refresh=0 rc_lookahead=40 rc=crf mbtree=1 crf=20.0 qcomp=0.60 qpmin=0 qpmax=69 qpstep=4 ip_ratio=1.40 aq=1:1.00
Output #0, mp4, to 'episode_001_FINAL_60s_v5.mp4':
  Metadata:
    major_brand     : isom
    minor_version   : 512
    compatible_brands: isomiso2avc1mp41
    encoder         : Lavf62.12.100
  Stream #0:0: Video: h264 (avc1 / 0x31637661), yuv444p(tv, progressive), 1280x720 [SAR 1:1 DAR 16:9], q=2-31, 25 fps, 12800 tbn
    Metadata:
      encoder         : Lavc62.28.100 libx264
    Side data:
      CPB properties: bitrate max/min/avg: 0/0/0 buffer size: 0 vbv_delay: N/A
  Stream #0:1(und): Audio: aac (LC) (mp4a / 0x6134706D), 48000 Hz, stereo, fltp, 128 kb/s (default)
    Metadata:
      encoder         : Lavc62.28.100 aac
      handler_name    : SoundHandler
frame=  231 fps=0.0 q=25.0 size=     256KiB time=00:00:09.16 bitrate= 229.0kbits/s speed=18.2x elapsed=0:00:00.50    frame=  509 fps=505 q=25.0 size=     768KiB time=00:00:20.28 bitrate= 310.2kbits/s speed=20.1x elapsed=0:00:01.00    frame=  797 fps=527 q=25.0 size=    1280KiB time=00:00:31.80 bitrate= 329.8kbits/s speed=  21x elapsed=0:00:01.51    frame= 1085 fps=538 q=25.0 size=    1792KiB time=00:00:43.32 bitrate= 338.9kbits/s speed=21.5x elapsed=0:00:02.01    [mp4 @ 0x9d102f980] Starting second pass: moving the moov atom to the beginning of the file
[out#0/mp4 @ 0x9d0c18780] video:1360KiB audio:792KiB subtitle:0KiB other streams:0KiB global headers:0KiB muxing overhead: 1.822631%
frame= 1270 fps=553 q=-1.0 Lsize=    2191KiB time=00:00:50.72 bitrate= 353.9kbits/s speed=22.1x elapsed=0:00:02.29    
[libx264 @ 0x9d0c6d880] frame I:6     Avg QP:11.73  size: 55204
[libx264 @ 0x9d0c6d880] frame P:320   Avg QP:15.58  size:  2442
[libx264 @ 0x9d0c6d880] frame B:944   Avg QP:19.85  size:   295
[libx264 @ 0x9d0c6d880] consecutive B-frames:  0.8%  0.2%  0.5% 98.6%
[libx264 @ 0x9d0c6d880] mb I  I16..4: 22.6% 63.8% 13.6%
[libx264 @ 0x9d0c6d880] mb P  I16..4:  0.0%  0.1%  0.0%  P16..4:  5.4%  2.4%  1.4%  0.0%  0.0%    skip:90.7%
[libx264 @ 0x9d0c6d880] mb B  I16..4:  0.0%  0.0%  0.0%  B16..8:  3.6%  0.3%  0.0%  direct: 0.0%  skip:96.0%  L0:45.8% L1:45.5% BI: 8.7%
[libx264 @ 0x9d0c6d880] 8x8 transform intra:65.0% inter:67.4%
[libx264 @ 0x9d0c6d880] coded y,u,v intra: 30.1% 19.6% 17.7% inter: 0.9% 0.3% 0.2%
[libx264 @ 0x9d0c6d880] i16 v,h,dc,p: 77% 21%  1%  1%
[libx264 @ 0x9d0c6d880] i8 v,h,dc,ddl,ddr,vr,hd,vl,hu: 16%  6% 64%  1%  2%  3%  3%  2%  2%
[libx264 @ 0x9d0c6d880] i4 v,h,dc,ddl,ddr,vr,hd,vl,hu: 23% 26% 17%  3%  7%  7%  7%  4%  5%
[libx264 @ 0x9d0c6d880] Weighted P-Frames: Y:0.0% UV:0.0%
[libx264 @ 0x9d0c6d880] ref P L0: 53.1% 10.0% 23.3% 13.6%
[libx264 @ 0x9d0c6d880] ref B L0: 89.9%  8.3%  1.9%
[libx264 @ 0x9d0c6d880] ref B L1: 97.1%  2.9%
[libx264 @ 0x9d0c6d880] kb/s:219.14
[aac @ 0x9d0c6df80] Qavg: 596.526
copied portrait from v4: /Users/haotianliu/.openclaw/workspace/ystar-company/content/offended_ai/v5/sofia_portrait_v4.jpg
wrote /Users/haotianliu/.openclaw/workspace/ystar-company/content/offended_ai/v5/bg_flat.png
[v5] script word count = 142 (target 165-185 for 60s at 3.0 wps)

== 1. Upload portrait (v4 asset inherited) ==
{
  "code": 100,
  "data": {
    "id": "3669e5a714f148449889d33f988e7a7f",
    "name": "3669e5a714f148449889d33f988e7a7f",
    "file_type": "image",
    "folder_id": "",
    "meta": null,
    "created_ts": 1776127699,
    "url": "https://resource2.heygen.ai/image/3669e5a714f148449889d33f988e7a7f/original.jpg",
    "image_key": "image/3669e5a714f148449889d33f988e7a7f/original.jpg"
  },
  "msg": null,
  "message": null
}

== 2. Create photo avatar group ==
{
  "error": null,
  "data": {
    "id": "9a118ef140f94973918f599b9df3da19",
    "image_url": "https://files2.heygen.ai/image/3669e5a714f148449889d33f988e7a7f/original.jpg?Expires=1776732500&Signature=a7lybB1fsljOaHSSLlYZvGs3CB8oRwsgjysA2nHCXeO3dnIboqVTKtYlcvWAvq-8To6kaJt~MRBrifXawlVPoeZ3nROb5ql57-SsmUYe7z3UfSscISavYS-gkSbi9hoz10rc1crTtPAGABmNZEGRD7ZF4ZAYF-IMcFxpnAWBtJwX1zCKO7L7ZPJ1lMKZPyezkNmXbx60GGHDK7sqPXwbNu7fgDFdidTDVB70zKdih9DolKy7snp0x3Pndv-0L93-Gqbp0zWEJfmSA9~wUrHwHjUG9WwdyyUJ4HQ-04qVtjvsghK-Vm0mKvNOmh7sfKnbs0prHj3dbA~bif1mv4D9Kg__&Key-Pair-Id=K38HBHX5LX3X2H",
    "created_at": 1776127700.290139,
    "name": "sofia_v5_latenight_20260413",
    "status": "pending",
    "group_id": "9a118ef140f94973918f599b9df3da19",
    "is_motion": false,
    "motion_preview_url": null,
    "business_type": "uploaded",
    "upscale_availability": {
      "available": false,
      "reason": "Photo avatar look upload not completed"
    },
    "upscaled": false,
    "background_sound_effect": null,
    "default_voice_id": null,
    "moderation_msg": null,
    "workflow_error": null
  }
}

== 2b. Wait for avatar group ready ==
[00] check err: HTTP Error 405: METHOD NOT ALLOWED
[01] check err: HTTP Error 405: METHOD NOT ALLOWED
[02] check err: HTTP Error 405: METHOD NOT ALLOWED
[03] check err: HTTP Error 405: METHOD NOT ALLOWED
[04] check err: HTTP Error 405: METHOD NOT ALLOWED
[05] check err: HTTP Error 405: METHOD NOT ALLOWED
[06] check err: HTTP Error 405: METHOD NOT ALLOWED
[07] check err: HTTP Error 405: METHOD NOT ALLOWED
[08] check err: HTTP Error 405: METHOD NOT ALLOWED
[09] check err: HTTP Error 405: METHOD NOT ALLOWED
[10] check err: HTTP Error 405: METHOD NOT ALLOWED
[11] check err: HTTP Error 405: METHOD NOT ALLOWED
[12] check err: HTTP Error 405: METHOD NOT ALLOWED
[13] check err: HTTP Error 405: METHOD NOT ALLOWED
[14] check err: HTTP Error 405: METHOD NOT ALLOWED
[15] check err: HTTP Error 405: METHOD NOT ALLOWED
[16] check err: HTTP Error 405: METHOD NOT ALLOWED
[17] check err: HTTP Error 405: METHOD NOT ALLOWED
[18] check err: HTTP Error 405: METHOD NOT ALLOWED
[19] check err: HTTP Error 405: METHOD NOT ALLOWED
[20] check err: HTTP Error 405: METHOD NOT ALLOWED
[21] check err: HTTP Error 405: METHOD NOT ALLOWED
[22] check err: HTTP Error 405: METHOD NOT ALLOWED
[23] check err: HTTP Error 405: METHOD NOT ALLOWED
[24] check err: HTTP Error 405: METHOD NOT ALLOWED
[25] check err: HTTP Error 405: METHOD NOT ALLOWED
[26] check err: HTTP Error 405: METHOD NOT ALLOWED
[27] check err: HTTP Error 405: METHOD NOT ALLOWED
[28] check err: HTTP Error 405: METHOD NOT ALLOWED
[29] check err: HTTP Error 405: METHOD NOT ALLOWED

== 3. Upload flat #1a1a1a background ==
{
  "code": 100,
  "data": {
    "id": "c74e06434cd2401b9538d54323e26782",
    "name": "c74e06434cd2401b9538d54323e26782",
    "file_type": "image",
    "folder_id": "",
    "meta": null,
    "created_ts": 1776127866,
    "url": "https://resource2.heygen.ai/image/c74e06434cd2401b9538d54323e26782/original.png",
    "image_key": "image/c74e06434cd2401b9538d54323e26782/original.png"
  },
  "msg": null,
  "message": null
}

== 4. Generate Avatar IV video (expressive+motion_strength=1.0) ==
{
  "error": null,
  "data": {
    "video_id": "ef6a72d33942462ebe2e597f6ccf173b"
  }
}

== 5. Poll status ==
[00] status=waiting
[01] status=processing
[02] status=processing
[03] status=processing
[04] status=processing
[05] status=processing
[06] status=processing
[07] status=processing
[08] status=processing
[09] status=processing
[10] status=processing
[11] status=processing
[12] status=processing
[13] status=processing
[14] status=processing
[15] status=processing
[16] status=processing
[17] status=completed
VIDEO_URL=https://files2.heygen.ai/aws_pacific/avatar_tmp/e57ca395ff1740708674fe17987df17b/ef6a72d33942462ebe2e597f6ccf173b.mp4?Ex...
Downloaded raw_heygen.mp4 (3050086 bytes)

== 6. Composite lower-third overlay ==
Wrote episode_001_FINAL_60s_v5.mp4 (2243903 bytes)
Copied -> /Users/haotianliu/.openclaw/workspace/ystar-company/content/offended_ai/episode_001_FINAL_60s_v5.mp4
duration_sec=50.818000
