[2026-04-10 22:55] Starting Digital Twin Evolution

=== Digital Twin Evolution: extract-values ===
Total Board events analyzed: 0
New lessons extracted: 0
Duplicates skipped: 0

=== Digital Twin Evolution: capability-gap ===
World-class standard exists: True
Theory entries: 1/0
Coverage: 0%

Gaps identified:
  - Theory coverage 0% - significant gaps in CEO knowledge

=== Digital Twin Evolution: compensation-check ===
No Board limitations detected in CEO's recent behavior

=== Evolution Summary ===
{
  "extract-values": {
    "total_events": 0,
    "lessons_extracted": 0,
    "duplicates_skipped": 0
  },
  "capability-gap": {
    "standard_exists": true,
    "theory_count": 1,
    "expected_theories": 0,
    "coverage_percentage": 0,
    "coverage_notes": [
      "Theory coverage 0% - significant gaps in CEO knowledge"
    ]
  },
  "compensation-check": {
    "limitations_detected": [],
    "recommendations": [],
    "metrics": {
      "volatile_sessions": 0,
      "unauthorized_dispatches": 0,
      "missing_prechecks": 0
    }
  }
}
[2026-04-10 22:55] Twin evolution report saved to /Users/haotianliu/.openclaw/workspace/ystar-company/reports/daily/2026-04-10_twin_evolution.md
[2026-04-11 12:23] Starting idle learning for secretary

=== Priority 1 Learning: secretary ===
All files present (3/3)

=== Priority 2 Learning: secretary ===
Theory library complete (3/0)

=== Priority 3 Learning: secretary ===
Scenario: SCENARIO TITLE: Post-Ad-Hoc Protocol Documentation

BACKGROUND (3-5 sentences):
During a recent emergency session involving the CEO, CTO, and CMO, several high-level strategic decisions were made rega...

=== Learning Summary ===
{
  "priority_1": {
    "completed": 3,
    "total": 3,
    "missing": [],
    "created": []
  },
  "priority_2": {
    "task_types_total": 0,
    "theories_existing": 3,
    "created": []
  },
  "priority_3": {
    "scenario": "SCENARIO TITLE: Post-Ad-Hoc Protocol Documentation\n\nBACKGROUND (3-5 sentences):\nDuring a recent emergency session involving the CEO, CTO, and CMO, several high-level strategic decisions were made rega...",
    "plan_generated": true,
    "gaps_recorded": 1
  }
}
[2026-04-11 15:23] Starting idle learning for ceo

=== Priority 1 Learning: ceo ===
All files present (3/3)

=== Priority 2 Learning: ceo ===
Theory library complete (12/2)

=== Priority 3 Learning: ceo ===
Scenario: SCENARIO TITLE: Countering the 'Simplicity' Threat

BACKGROUND (3-5 sentences):
A major, well-funded competitor has launched a product claiming to offer "AI governance oversight" that is significantly...

P3→P2 Feedback Loop:
  - Appended new task type: security_review
  - Created gap file for: security_review
  - Created meta-gap for simulation insights

=== Learning Summary ===
{
  "priority_1": {
    "completed": 3,
    "total": 3,
    "missing": [],
    "created": []
  },
  "priority_2": {
    "task_types_total": 2,
    "theories_existing": 12,
    "created": []
  },
  "priority_3": {
    "scenario": "SCENARIO TITLE: Countering the 'Simplicity' Threat\n\nBACKGROUND (3-5 sentences):\nA major, well-funded competitor has launched a product claiming to offer \"AI governance oversight\" that is significantly...",
    "plan_generated": true,
    "gaps_recorded": 3,
    "feedbacks": [
      "Appended new task type: security_review",
      "Created gap file for: security_review",
      "Created meta-gap for simulation insights"
    ],
    "new_gaps": 2,
    "new_task_types": 1
  }
}
