portrait: /Users/haotianliu/.openclaw/workspace/ystar-company/content/offended_ai/v10/sofia_portrait_v10r2.jpg (120221 bytes)
bg:       /Users/haotianliu/.openclaw/workspace/ystar-company/content/offended_ai/v10/terrace_bg_v10.png (791237 bytes)
[v10] script word count = 173

== 1. Upload clean portrait (green-cropped) ==
{
  "code": 100,
  "data": {
    "id": "9d7093de1126464780e9597fa21994f0",
    "name": "9d7093de1126464780e9597fa21994f0",
    "file_type": "image",
    "folder_id": "",
    "meta": null,
    "created_ts": 1776138267,
    "url": "https://resource2.heygen.ai/image/9d7093de1126464780e9597fa21994f0/original.jpg",
    "image_key": "image/9d7093de1126464780e9597fa21994f0/original.jpg"
  },
  "msg": null,
  "message": null
}

== 2. Create photo avatar group ==
{
  "error": null,
  "data": {
    "id": "5c11d4d38d9740678c528ab47ad87dcd",
    "image_url": "https://files2.heygen.ai/image/9d7093de1126464780e9597fa21994f0/original.jpg?Expires=1776743068&Signature=iSTUsVIqQ8B7SUqT4lLLBNH3WoPXWTAYbGbuGM5UCkgusYMByL8VH1Mett5puxREtfyxAOc0O7BVPWk6oaEQXfT0WYcoo9hVMus1SeYn0lVEEI-pw6auHpWj6F~kHUtnoTCInI90gji7wFuSyIImDxPJBIIdP0IYP0~1QnKk4COf0LWaUSOLoiNWAOI4VoxXfTbxD14m9YlTWimAzDyJ-Jz5RptXKmA6J-BJibmIulUzTIzTM8NWN2FgMj6A4eN0kdSxyeSARl1fpNHwBofbRB4hBg1ddWB7QOzf0Jbv41uilEtorfgGlgAe6ZAwx~iMSMbr1hMxdvLKbCAKFw5-4g__&Key-Pair-Id=K38HBHX5LX3X2H",
    "created_at": 1776138268.263745,
    "name": "sofia_v10r2_terrace_ai_20260413",
    "status": "pending",
    "group_id": "5c11d4d38d9740678c528ab47ad87dcd",
    "is_motion": false,
    "motion_preview_url": null,
    "business_type": "uploaded",
    "upscale_availability": {
      "available": false,
      "reason": "Photo avatar look upload not completed"
    },
    "upscaled": false,
    "background_sound_effect": null,
    "default_voice_id": null,
    "moderation_msg": null,
    "workflow_error": null
  }
}

== 2b. Allow 60s for internal dimension extraction ==

== 3. Upload AI-generated Sofia-free terrace bg ==
{
  "code": 100,
  "data": {
    "id": "469013b5993b42ea9b07f56c076fdae1",
    "name": "469013b5993b42ea9b07f56c076fdae1",
    "file_type": "image",
    "folder_id": "",
    "meta": null,
    "created_ts": 1776138329,
    "url": "https://resource2.heygen.ai/image/469013b5993b42ea9b07f56c076fdae1/original.png",
    "image_key": "image/469013b5993b42ea9b07f56c076fdae1/original.png"
  },
  "msg": null,
  "message": null
}

== 4. Generate Avatar IV (AI terrace bg server-composited) ==
{
  "error": null,
  "data": {
    "video_id": "c1dbd026834c41649c863e65dfc6ff58"
  }
}

== 5. Poll status ==
[00] status=waiting
[01] status=processing
[02] status=processing
[03] status=failed
HeyGen failed: {"code": 100, "data": {"callback_id": null, "caption_url": null, "created_at": 1776138329, "duration": null, "error": {"activity_name": "TemporalCoreActivity.DEDUCT_QUOTA", "code": "MOVIO_PAYMENT_INSUFFICIENT_CREDIT", "detail": "Insufficient credit", "exception_class": "MovioException", "message": "Insufficient credit. This operation requires 'api' credits."}, "gif_url": null, "id": "c1dbd026834c41649c863e65dfc6ff58", "status": "failed", "thumbnail_url": null, "video_url": null, "video_url_caption": null}, "message": "Success"}
