1776350028.861853 | WARN | smoke_test_final | agent=test_agent
1776350071.427993 | WARN | ceo_engineering_boundary | agent=ceo
1776350071.5333 | WARN | ceo_engineering_boundary | agent=ceo
1776350073.756315 | WARN | ceo_engineering_boundary | agent=ceo
1776350073.847889 | WARN | ceo_engineering_boundary | agent=ceo
1776350075.323526 | WARN | ceo_engineering_boundary | agent=ceo
1776350075.466487 | WARN | ceo_engineering_boundary | agent=ceo
1776350078.501665 | WARN | ceo_engineering_boundary | agent=ceo
1776350078.5980248 | WARN | ceo_engineering_boundary | agent=ceo
1776350078.652423 | WARN | ceo_engineering_boundary | agent=ceo
1776350078.744705 | WARN | ceo_engineering_boundary | agent=ceo
1776350080.3794959 | WARN | smoke_test_violation | agent=test_agent
1776350081.9384232 | WARN | ceo_engineering_boundary | agent=ceo
1776350082.133108 | WARN | ceo_engineering_boundary | agent=ceo
1776350082.374149 | WARN | ceo_engineering_boundary | agent=ceo
1776350082.55829 | WARN | ceo_engineering_boundary | agent=ceo
1776350083.282717 | WARN | smoke_test_final | agent=test_agent
1776350085.70731 | WARN | ceo_engineering_boundary | agent=ceo
1776350085.9037042 | WARN | ceo_engineering_boundary | agent=ceo
1776350086.424921 | WARN | ceo_engineering_boundary | agent=ceo
1776350086.635561 | WARN | ceo_engineering_boundary | agent=ceo
1776350087.270773 | WARN | smoke_test_violation | agent=test_agent
1776350088.813045 | WARN | ceo_engineering_boundary | agent=ceo
1776350089.09697 | WARN | ceo_engineering_boundary | agent=ceo
1776350092.290355 | WARN | ceo_engineering_boundary | agent=ceo
1776350092.432338 | WARN | smoke_test_final | agent=test_agent
1776350092.7093089 | WARN | ceo_engineering_boundary | agent=ceo
1776350092.7603872 | WARN | ceo_engineering_boundary | agent=ceo
1776350093.192678 | WARN | ceo_engineering_boundary | agent=ceo
1776350094.500566 | WARN | ceo_engineering_boundary | agent=test_agent
1776350095.981351 | WARN | ceo_engineering_boundary | agent=ceo
1776350095.9968488 | WARN | smoke_test_violation | agent=test_agent
1776350096.351128 | WARN | ceo_engineering_boundary | agent=ceo
1776350097.575969 | WARN | ceo_engineering_boundary | agent=ceo
1776350097.9632409 | WARN | ceo_engineering_boundary | agent=ceo
1776350101.924176 | WARN | ceo_engineering_boundary | agent=ceo
1776350102.063303 | WARN | smoke_test_final | agent=test_agent
1776350102.2885618 | WARN | ceo_engineering_boundary | agent=ceo
1776350103.8720949 | WARN | smoke_test_violation | agent=test_agent
1776350103.944538 | WARN | ceo_engineering_boundary | agent=test_agent
1776350104.841599 | WARN | ceo_engineering_boundary | agent=ceo
1776350105.129481 | WARN | ceo_engineering_boundary | agent=ceo
1776350108.4428449 | WARN | smoke_test_final | agent=test_agent
1776350109.903425 | WARN | smoke_test_violation | agent=test_agent
1776350109.994926 | WARN | ceo_engineering_boundary | agent=test_agent
1776350113.341177 | WARN | smoke_test_violation | agent=test_agent
1776350114.1802711 | WARN | smoke_test_final | agent=test_agent
1776350115.499001 | WARN | ceo_engineering_boundary | agent=test_agent
1776350116.412032 | WARN | ceo_engineering_boundary | agent=test_agent
1776350116.446305 | WARN | smoke_test_violation | agent=test_agent
1776350116.618241 | WARN | test_violation | agent=test_agent
1776350116.687783 | WARN | smoke_test_violation | agent=test_agent
1776350117.375256 | WARN | smoke_test_final | agent=test_agent
1776350118.265546 | WARN | smoke_test_violation | agent=test_agent
1776350118.445052 | WARN | ceo_engineering_boundary | agent=test_agent
1776350119.610782 | WARN | smoke_test_final | agent=test_agent
1776350120.3478022 | WARN | ceo_engineering_boundary | agent=test_agent
1776350120.753891 | WARN | smoke_test_final | agent=test_agent
1776350121.3449652 | WARN | ceo_engineering_boundary | agent=test_agent
1776350121.509204 | WARN | ceo_engineering_boundary | agent=test_agent
1776350122.104769 | WARN | test_violation | agent=test_agent
1776350122.134308 | WARN | smoke_test_violation | agent=test_agent
1776350165.5153751 | WARN | ceo_engineering_boundary | agent=test_agent
1776350165.595368 | WARN | ceo_engineering_boundary | agent=ceo
1776350165.7574022 | WARN | ceo_engineering_boundary | agent=ceo
1776350165.806405 | WARN | ceo_engineering_boundary | agent=test_agent
1776350168.7038531 | WARN | smoke_test_violation | agent=test_agent
1776350168.9952419 | WARN | smoke_test_violation | agent=test_agent
1776350169.375326 | WARN | ceo_engineering_boundary | agent=ceo
1776350169.667784 | WARN | ceo_engineering_boundary | agent=ceo
1776350183.5435572 | WARN | smoke_test_violation | agent=test_agent
1776350187.975959 | WARN | smoke_test_final | agent=test_agent
1776350189.561437 | WARN | ceo_engineering_boundary | agent=test_agent
1776350189.797921 | WARN | ceo_engineering_boundary | agent=test_agent
1776350189.945442 | WARN | test_violation | agent=test_agent
1776350190.004622 | WARN | smoke_test_violation | agent=test_agent
1776366376.0229719 | WARN | ceo_engineering_boundary | agent=ceo
1776394289.5534132 | WARN | ceo_engineering_boundary | agent=ceo
1776394289.696078 | WARN | ceo_engineering_boundary | agent=ceo
1776394292.9621902 | WARN | ceo_engineering_boundary | agent=ceo
1776394293.104701 | WARN | ceo_engineering_boundary | agent=ceo
1776394300.106519 | WARN | smoke_test_violation | agent=test_agent
1776394302.484365 | WARN | smoke_test_final | agent=test_agent
1776394303.1951842 | WARN | ceo_engineering_boundary | agent=test_agent
1776394303.3962328 | WARN | ceo_engineering_boundary | agent=test_agent
1776394303.503493 | WARN | test_violation | agent=test_agent
1776394303.5405152 | WARN | smoke_test_violation | agent=test_agent
1776394303.866313 | WARN | ceo_engineering_boundary | agent=test_agent
1776394303.9761732 | WARN | smoke_test_violation | agent=test_agent
1776394354.6446028 | WARN | ceo_engineering_boundary | agent=ceo
1776394424.2970161 | WARN | ceo_engineering_boundary | agent=test_agent
1776394424.5163991 | WARN | ceo_engineering_boundary | agent=test_agent
1776394424.632056 | WARN | test_violation | agent=test_agent
1776394424.6697721 | WARN | smoke_test_violation | agent=test_agent
1776394425.857216 | WARN | ceo_engineering_boundary | agent=test_agent
1776394426.064401 | WARN | ceo_engineering_boundary | agent=test_agent
1776394426.1793458 | WARN | test_violation | agent=test_agent
1776394426.21724 | WARN | smoke_test_violation | agent=test_agent
1776394440.246902 | WARN | ceo_engineering_boundary | agent=test_agent
1776394440.4640262 | WARN | ceo_engineering_boundary | agent=test_agent
1776394440.586425 | WARN | test_violation | agent=test_agent
1776394440.6281312 | WARN | smoke_test_violation | agent=test_agent
