08:47:29 [OBSERVE] Tool: Bash
08:47:29 [OBSERVE] ALLOW: Bash
08:47:43 [OBSERVE] Tool: Agent
08:47:44 [OBSERVE] ALLOW: Agent
08:47:47 [OBSERVE] Tool: Read
08:47:47 [OBSERVE] ALLOW: Read
08:47:48 [OBSERVE] Tool: Read
08:47:48 [OBSERVE] ALLOW: Read
08:47:50 [OBSERVE] Tool: Agent
08:47:51 [OBSERVE] ALLOW: Agent
08:47:52 [OBSERVE] Tool: Grep
08:47:52 [OBSERVE] ALLOW: Grep
08:47:53 [OBSERVE] Tool: Grep
08:47:53 [OBSERVE] ALLOW: Grep
08:47:56 [OBSERVE] Tool: Read
08:47:56 [OBSERVE] ALLOW: Read
08:47:57 [OBSERVE] Tool: Read
08:47:57 [OBSERVE] ALLOW: Read
08:47:57 [OBSERVE] Tool: Grep
08:47:57 [OBSERVE] ALLOW: Grep
08:47:58 [OBSERVE] Tool: Grep
08:47:58 [OBSERVE] ALLOW: Grep
08:48:00 [OBSERVE] Tool: Agent
08:48:00 [OBSERVE] ALLOW: Agent
08:48:03 [OBSERVE] Tool: Grep
08:48:04 [OBSERVE] ALLOW: Grep
08:48:04 [OBSERVE] Tool: Read
08:48:04 [OBSERVE] ALLOW: Read
08:48:05 [OBSERVE] Tool: Bash
08:48:05 [OBSERVE] ALLOW: Bash
08:48:06 [OBSERVE] Tool: Grep
08:48:06 [OBSERVE] ALLOW: Grep
08:48:06 [OBSERVE] Tool: Grep
08:48:06 [OBSERVE] ALLOW: Grep
08:48:07 [OBSERVE] Tool: Grep
08:48:07 [OBSERVE] ALLOW: Grep
08:48:08 [OBSERVE] Tool: Agent
08:48:08 [OBSERVE] ALLOW: Agent
08:48:10 [OBSERVE] Tool: Grep
08:48:11 [OBSERVE] Tool: Read
08:48:11 [OBSERVE] ALLOW: Grep
08:48:11 [OBSERVE] ALLOW: Read
08:48:11 [OBSERVE] Tool: Glob
08:48:11 [OBSERVE] ALLOW: Glob
08:48:12 [OBSERVE] Tool: Read
08:48:13 [OBSERVE] ALLOW: Read
08:48:13 [OBSERVE] Tool: Bash
08:48:13 [OBSERVE] ALLOW: Bash
08:48:14 [OBSERVE] Tool: Read
08:48:14 [OBSERVE] ALLOW: Read
08:48:15 [OBSERVE] Tool: Bash
08:48:16 [OBSERVE] ALLOW: Bash
08:48:18 [OBSERVE] Tool: Edit
08:48:18 [OBSERVE] ALLOW: Edit
08:48:18 [OBSERVE] Tool: Glob
08:48:18 [OBSERVE] ALLOW: Glob
08:48:19 [OBSERVE] Tool: Read
08:48:19 [OBSERVE] ALLOW: Read
08:48:19 [OBSERVE] Tool: Glob
08:48:20 [OBSERVE] ALLOW: Glob
08:48:23 [OBSERVE] Tool: Edit
08:48:23 [OBSERVE] ALLOW: Edit
08:48:23 [OBSERVE] Tool: Read
08:48:23 [OBSERVE] ALLOW: Read
08:48:24 [OBSERVE] Tool: Grep
08:48:24 [OBSERVE] ALLOW: Grep
08:48:27 [OBSERVE] Tool: Read
08:48:27 [OBSERVE] ALLOW: Read
08:48:28 [OBSERVE] Tool: Glob
08:48:29 [OBSERVE] ALLOW: Glob
08:48:29 [OBSERVE] Tool: Read
08:48:29 [OBSERVE] ALLOW: Read
08:48:32 [OBSERVE] Tool: Bash
08:48:33 [OBSERVE] ALLOW: Bash
08:48:36 [OBSERVE] Tool: Read
08:48:36 [OBSERVE] ALLOW: Read
08:48:37 [OBSERVE] Tool: Bash
08:48:37 [OBSERVE] ALLOW: Bash
08:48:37 [OBSERVE] Tool: Write
08:48:37 [OBSERVE] ALLOW: Write
08:48:41 [OBSERVE] Tool: Bash
08:48:41 [OBSERVE] ALLOW: Bash
08:48:41 [OBSERVE] Tool: Read
08:48:42 [OBSERVE] ALLOW: Read
08:48:43 [OBSERVE] Tool: Edit
08:48:44 [OBSERVE] ALLOW: Edit
08:48:48 [OBSERVE] Tool: Grep
08:48:48 [OBSERVE] ALLOW: Grep
08:48:51 [OBSERVE] Tool: Grep
08:48:51 [OBSERVE] ALLOW: Grep
08:48:55 [OBSERVE] Tool: Edit
08:48:55 [OBSERVE] ALLOW: Edit
08:48:56 [OBSERVE] Tool: Edit
08:48:56 [OBSERVE] Tool: Bash
08:48:56 [OBSERVE] ALLOW: Edit
08:48:56 [OBSERVE] ALLOW: Bash
08:49:04 [OBSERVE] Tool: Grep
08:49:04 [OBSERVE] ALLOW: Grep
08:49:07 [OBSERVE] Tool: Edit
08:49:07 [OBSERVE] ALLOW: Edit
08:49:07 [OBSERVE] Tool: Read
08:49:07 [OBSERVE] ALLOW: Read
08:49:08 [OBSERVE] Tool: Edit
08:49:08 [OBSERVE] ALLOW: Edit
08:49:12 [OBSERVE] Tool: Read
08:49:12 [OBSERVE] ALLOW: Read
08:49:14 [OBSERVE] Tool: Write
08:49:14 [OBSERVE] ALLOW: Write
08:49:17 [OBSERVE] Tool: Edit
08:49:18 [OBSERVE] ALLOW: Edit
08:49:19 [OBSERVE] Tool: Bash
08:49:20 [OBSERVE] ALLOW: Bash
08:49:21 [OBSERVE] Tool: Edit
08:49:22 [OBSERVE] ALLOW: Edit
08:49:23 [OBSERVE] Tool: Grep
08:49:23 [OBSERVE] ALLOW: Grep
08:49:24 [OBSERVE] Tool: Edit
08:49:25 [OBSERVE] ALLOW: Edit
08:49:25 [OBSERVE] Tool: Read
08:49:25 [OBSERVE] ALLOW: Read
08:49:26 [OBSERVE] Tool: Read
08:49:26 [OBSERVE] ALLOW: Read
08:49:27 [OBSERVE] Tool: Edit
08:49:27 [OBSERVE] ALLOW: Edit
08:49:28 [OBSERVE] Tool: Grep
08:49:29 [OBSERVE] ALLOW: Grep
08:49:31 [OBSERVE] Tool: Edit
08:49:31 [OBSERVE] ALLOW: Edit
08:49:34 [OBSERVE] Tool: Edit
08:49:34 [OBSERVE] ALLOW: Edit
08:49:36 [OBSERVE] Tool: Edit
08:49:36 [OBSERVE] ALLOW: Edit
08:49:39 [OBSERVE] Tool: Edit
08:49:39 [OBSERVE] ALLOW: Edit
08:49:39 [OBSERVE] Tool: Edit
08:49:40 [OBSERVE] ALLOW: Edit
08:49:42 [OBSERVE] Tool: Edit
08:49:42 [OBSERVE] ALLOW: Edit
08:49:43 [OBSERVE] Tool: Bash
08:49:44 [OBSERVE] ALLOW: Bash
08:49:44 [OBSERVE] Tool: Bash
08:49:44 [OBSERVE] ALLOW: Bash
08:49:46 [OBSERVE] Tool: Edit
08:49:46 [OBSERVE] ALLOW: Edit
08:49:49 [OBSERVE] Tool: Bash
08:49:49 [OBSERVE] ALLOW: Bash
08:49:49 [OBSERVE] Tool: Grep
08:49:50 [OBSERVE] ALLOW: Grep
08:49:51 [OBSERVE] Tool: Edit
08:49:51 [OBSERVE] ALLOW: Edit
08:49:53 [OBSERVE] Tool: Grep
08:49:53 [OBSERVE] ALLOW: Grep
08:49:56 [OBSERVE] Tool: Read
08:49:57 [OBSERVE] ALLOW: Read
08:49:59 [OBSERVE] Tool: Read
08:50:00 [OBSERVE] ALLOW: Read
08:50:02 [OBSERVE] Tool: Edit
08:50:02 [OBSERVE] ALLOW: Edit
08:50:05 [OBSERVE] Tool: Edit
08:50:05 [OBSERVE] ALLOW: Edit
08:50:05 [OBSERVE] Tool: Grep
08:50:05 [OBSERVE] ALLOW: Grep
08:50:09 [OBSERVE] Tool: Grep
08:50:09 [OBSERVE] ALLOW: Grep
08:50:09 [OBSERVE] Tool: Grep
08:50:10 [OBSERVE] ALLOW: Grep
08:50:12 [OBSERVE] Tool: Grep
08:50:12 [OBSERVE] ALLOW: Grep
08:50:15 [OBSERVE] Tool: Edit
08:50:15 [OBSERVE] ALLOW: Edit
08:50:16 [OBSERVE] Tool: Read
08:50:16 [OBSERVE] ALLOW: Read
08:50:16 [OBSERVE] Tool: Read
08:50:16 [OBSERVE] ALLOW: Read
08:50:20 [OBSERVE] Tool: Bash
08:50:20 [OBSERVE] ALLOW: Bash
08:50:25 [OBSERVE] Tool: Bash
08:50:25 [OBSERVE] ALLOW: Bash
08:50:27 [OBSERVE] Tool: Write
08:50:27 [OBSERVE] ALLOW: Write
08:50:29 [OBSERVE] Tool: Grep
08:50:29 [OBSERVE] ALLOW: Grep
08:50:36 [OBSERVE] Tool: Read
08:50:36 [OBSERVE] ALLOW: Read
08:50:36 [OBSERVE] Tool: Edit
08:50:36 [OBSERVE] ALLOW: Edit
08:50:37 [OBSERVE] Tool: Bash
08:50:37 [OBSERVE] ALLOW: Bash
08:50:41 [OBSERVE] Tool: Read
08:50:42 [OBSERVE] ALLOW: Read
08:50:42 [OBSERVE] Tool: Bash
08:50:42 [OBSERVE] ALLOW: Bash
08:50:43 [OBSERVE] Tool: Edit
08:50:43 [OBSERVE] ALLOW: Edit
08:50:50 [OBSERVE] Tool: Edit
08:50:50 [OBSERVE] ALLOW: Edit
08:50:53 [OBSERVE] Tool: Read
08:50:53 [OBSERVE] ALLOW: Read
08:50:54 [OBSERVE] Tool: Bash
08:50:54 [OBSERVE] ALLOW: Bash
08:50:55 [OBSERVE] Tool: Bash
08:50:56 [OBSERVE] ALLOW: Bash
08:50:58 [OBSERVE] Tool: Grep
08:50:59 [OBSERVE] ALLOW: Grep
08:50:59 [OBSERVE] Tool: Bash
08:50:59 [OBSERVE] ALLOW: Bash
08:51:01 [OBSERVE] Tool: Bash
08:51:01 [OBSERVE] ALLOW: Bash
08:51:03 [OBSERVE] Tool: Bash
08:51:03 [OBSERVE] ALLOW: Bash
08:51:05 [OBSERVE] Tool: Bash
08:51:05 [OBSERVE] ALLOW: Bash
08:51:05 [OBSERVE] Tool: Bash
08:51:06 [OBSERVE] ALLOW: Bash
08:51:06 [OBSERVE] Tool: Read
08:51:06 [OBSERVE] ALLOW: Read
08:51:10 [OBSERVE] Tool: Bash
08:51:10 [OBSERVE] ALLOW: Bash
08:51:11 [OBSERVE] Tool: Bash
08:51:11 [OBSERVE] ALLOW: Bash
08:51:13 [OBSERVE] Tool: Edit
08:51:13 [OBSERVE] ALLOW: Edit
08:51:16 [OBSERVE] Tool: Bash
08:51:16 [OBSERVE] ALLOW: Bash
08:51:18 [OBSERVE] Tool: Edit
08:51:19 [OBSERVE] ALLOW: Edit
08:51:20 [OBSERVE] Tool: Bash
08:51:21 [OBSERVE] ALLOW: Bash
08:51:23 [OBSERVE] Tool: Bash
08:51:23 [OBSERVE] ALLOW: Bash
08:51:24 [OBSERVE] Tool: Bash
08:51:24 [OBSERVE] ALLOW: Bash
08:51:26 [OBSERVE] Tool: Bash
08:51:26 [OBSERVE] ALLOW: Bash
08:51:27 [OBSERVE] Tool: Read
08:51:27 [OBSERVE] ALLOW: Read
08:51:30 [OBSERVE] Tool: Bash
08:51:30 [OBSERVE] Tool: Bash
08:51:30 [OBSERVE] ALLOW: Bash
08:51:30 [OBSERVE] ALLOW: Bash
08:51:35 [OBSERVE] Tool: Bash
08:51:35 [OBSERVE] ALLOW: Bash
08:51:36 [OBSERVE] Tool: Bash
08:51:36 [OBSERVE] ALLOW: Bash
08:51:39 [OBSERVE] Tool: Bash
08:51:39 [OBSERVE] Tool: Bash
08:51:39 [OBSERVE] ALLOW: Bash
08:51:39 [OBSERVE] ALLOW: Bash
08:51:44 [OBSERVE] Tool: Bash
08:51:44 [OBSERVE] Tool: Bash
08:51:44 [OBSERVE] ALLOW: Bash
08:51:44 [OBSERVE] ALLOW: Bash
08:51:49 [OBSERVE] Tool: Bash
08:51:49 [OBSERVE] Tool: Bash
08:51:50 [OBSERVE] ALLOW: Bash
08:51:50 [OBSERVE] ALLOW: Bash
08:51:53 [OBSERVE] Tool: Bash
08:51:53 [OBSERVE] ALLOW: Bash
08:52:11 [OBSERVE] Tool: Bash
08:52:11 [OBSERVE] ALLOW: Bash
08:52:15 [OBSERVE] Tool: Bash
08:52:15 [OBSERVE] ALLOW: Bash
08:52:24 [OBSERVE] Tool: Bash
08:52:24 [OBSERVE] ALLOW: Bash
08:52:28 [OBSERVE] Tool: Bash
08:52:28 [OBSERVE] ALLOW: Bash
08:52:38 [OBSERVE] Tool: Bash
08:52:38 [OBSERVE] ALLOW: Bash
08:52:48 [OBSERVE] Tool: Edit
08:52:49 [OBSERVE] ALLOW: Edit
10:14:11 [OBSERVE] Tool: Bash
10:14:11 [OBSERVE] ALLOW: Bash
10:14:37 [OBSERVE] Tool: Agent
10:14:37 [OBSERVE] ALLOW: Agent
10:14:40 [OBSERVE] Tool: Read
10:14:40 [OBSERVE] ALLOW: Read
10:14:42 [OBSERVE] Tool: Bash
10:14:42 [OBSERVE] ALLOW: Bash
10:14:42 [OBSERVE] Tool: Read
10:14:42 [OBSERVE] ALLOW: Read
10:14:45 [OBSERVE] Tool: Agent
10:14:46 [OBSERVE] ALLOW: Agent
10:14:48 [OBSERVE] Tool: Bash
10:14:48 [OBSERVE] ALLOW: Bash
10:14:51 [OBSERVE] Tool: Read
10:14:51 [OBSERVE] ALLOW: Read
10:14:51 [OBSERVE] Tool: Read
10:14:51 [OBSERVE] ALLOW: Read
10:14:51 [OBSERVE] Tool: Read
10:14:51 [OBSERVE] ALLOW: Read
10:14:52 [OBSERVE] Tool: Read
10:14:52 [OBSERVE] ALLOW: Read
10:14:56 [OBSERVE] Tool: Agent
10:14:56 [OBSERVE] ALLOW: Agent
10:14:59 [OBSERVE] Tool: Edit
10:14:59 [OBSERVE] ALLOW: Edit
10:14:59 [OBSERVE] Tool: Read
10:15:00 [OBSERVE] ALLOW: Read
10:15:01 [OBSERVE] Tool: Bash
10:15:01 [OBSERVE] ALLOW: Bash
10:15:03 [OBSERVE] Tool: Grep
10:15:03 [OBSERVE] ALLOW: Grep
10:15:03 [OBSERVE] Tool: Read
10:15:03 [OBSERVE] ALLOW: Read
10:15:04 [OBSERVE] Tool: Grep
10:15:04 [OBSERVE] ALLOW: Grep
10:15:04 [OBSERVE] Tool: Bash
10:15:04 [OBSERVE] ALLOW: Bash
10:15:06 [OBSERVE] Tool: Edit
10:15:06 [OBSERVE] ALLOW: Edit
10:15:08 [OBSERVE] Tool: Agent
10:15:08 [OBSERVE] Tool: Read
10:15:08 [OBSERVE] ALLOW: Read
10:15:08 [OBSERVE] ALLOW: Agent
10:15:09 [OBSERVE] Tool: Read
10:15:09 [OBSERVE] ALLOW: Read
10:15:09 [OBSERVE] Tool: Bash
10:15:09 [OBSERVE] Tool: Edit
10:15:09 [OBSERVE] ALLOW: Bash
10:15:10 [OBSERVE] ALLOW: Edit
10:15:10 [OBSERVE] Tool: Read
10:15:10 [OBSERVE] ALLOW: Read
10:15:11 [OBSERVE] Tool: Read
10:15:11 [OBSERVE] ALLOW: Read
10:15:12 [OBSERVE] Tool: Edit
10:15:12 [OBSERVE] ALLOW: Edit
10:15:13 [OBSERVE] Tool: Bash
10:15:13 [OBSERVE] ALLOW: Bash
10:15:14 [OBSERVE] Tool: Edit
10:15:14 [OBSERVE] ALLOW: Edit
10:15:14 [OBSERVE] Tool: Write
10:15:14 [OBSERVE] Tool: Bash
10:15:14 [OBSERVE] ALLOW: Write
10:15:15 [OBSERVE] ALLOW: Bash
10:15:17 [OBSERVE] Tool: Read
10:15:17 [OBSERVE] ALLOW: Read
10:15:18 [OBSERVE] Tool: Bash
10:15:18 [OBSERVE] ALLOW: Bash
10:15:20 [OBSERVE] Tool: Bash
10:15:20 [OBSERVE] ALLOW: Bash
10:15:22 [OBSERVE] Tool: Bash
10:15:22 [OBSERVE] ALLOW: Bash
10:15:22 [OBSERVE] Tool: Read
10:15:22 [OBSERVE] ALLOW: Read
10:15:23 [OBSERVE] Tool: Read
10:15:23 [OBSERVE] ALLOW: Read
10:15:24 [OBSERVE] Tool: Read
10:15:24 [OBSERVE] Tool: Edit
10:15:24 [OBSERVE] ALLOW: Read
10:15:24 [OBSERVE] Tool: Bash
10:15:24 [OBSERVE] ALLOW: Edit
10:15:24 [OBSERVE] Tool: Read
10:15:24 [OBSERVE] ALLOW: Bash
10:15:24 [OBSERVE] ALLOW: Read
10:15:27 [OBSERVE] Tool: Read
10:15:27 [OBSERVE] Tool: Bash
10:15:28 [OBSERVE] ALLOW: Read
10:15:28 [OBSERVE] ALLOW: Bash
10:15:28 [OBSERVE] Tool: Read
10:15:28 [OBSERVE] ALLOW: Read
10:15:29 [OBSERVE] Tool: Read
10:15:29 [OBSERVE] ALLOW: Read
10:15:29 [OBSERVE] Tool: Bash
10:15:29 [OBSERVE] ALLOW: Bash
10:15:35 [OBSERVE] Tool: Read
10:15:35 [OBSERVE] Tool: Bash
10:15:35 [OBSERVE] ALLOW: Bash
10:15:35 [OBSERVE] ALLOW: Read
10:15:35 [OBSERVE] Tool: Bash
10:15:36 [OBSERVE] ALLOW: Bash
10:15:44 [OBSERVE] Tool: Bash
10:15:44 [OBSERVE] ALLOW: Bash
10:15:46 [OBSERVE] Tool: Bash
10:15:47 [OBSERVE] ALLOW: Bash
10:15:49 [OBSERVE] Tool: Write
10:15:49 [OBSERVE] WOULD_DENY: Write — [Y*] '.env' is not allowed in content
10:15:50 [OBSERVE] Tool: Read
10:15:50 [OBSERVE] ALLOW: Read
10:15:51 [OBSERVE] Tool: Bash
10:15:51 [OBSERVE] ALLOW: Bash
10:15:57 [OBSERVE] Tool: Edit
10:15:57 [OBSERVE] ALLOW: Edit
10:15:59 [OBSERVE] Tool: Edit
10:15:59 [OBSERVE] ALLOW: Edit
10:16:00 [OBSERVE] Tool: Bash
10:16:00 [OBSERVE] ALLOW: Bash
10:16:06 [OBSERVE] Tool: Bash
10:16:06 [OBSERVE] ALLOW: Bash
10:16:07 [OBSERVE] Tool: Edit
10:16:08 [OBSERVE] ALLOW: Edit
10:16:08 [OBSERVE] Tool: Write
10:16:09 [OBSERVE] ALLOW: Write
10:16:09 [OBSERVE] Tool: Edit
10:16:09 [OBSERVE] ALLOW: Edit
10:16:10 [OBSERVE] Tool: Grep
10:16:10 [OBSERVE] ALLOW: Grep
10:16:11 [OBSERVE] Tool: Write
10:16:11 [OBSERVE] ALLOW: Write
10:16:13 [OBSERVE] Tool: Edit
10:16:13 [OBSERVE] ALLOW: Edit
10:16:14 [OBSERVE] Tool: Bash
10:16:14 [OBSERVE] ALLOW: Bash
10:16:15 [OBSERVE] Tool: Grep
10:16:15 [OBSERVE] Tool: Grep
10:16:15 [OBSERVE] ALLOW: Grep
10:16:15 [OBSERVE] ALLOW: Grep
10:16:16 [OBSERVE] Tool: Edit
10:16:16 [OBSERVE] ALLOW: Edit
10:16:17 [OBSERVE] Tool: Bash
10:16:17 [OBSERVE] ALLOW: Bash
10:16:18 [OBSERVE] Tool: Grep
10:16:18 [OBSERVE] ALLOW: Grep
10:16:20 [OBSERVE] Tool: Read
10:16:20 [OBSERVE] ALLOW: Read
10:16:20 [OBSERVE] Tool: Read
10:16:20 [OBSERVE] Tool: Read
10:16:21 [OBSERVE] ALLOW: Read
10:16:21 [OBSERVE] ALLOW: Read
10:16:21 [OBSERVE] Tool: Bash
10:16:21 [OBSERVE] Tool: Read
10:16:21 [OBSERVE] ALLOW: Bash
10:16:21 [OBSERVE] ALLOW: Read
10:16:21 [OBSERVE] Tool: Read
10:16:22 [OBSERVE] ALLOW: Read
10:16:25 [OBSERVE] Tool: Edit
10:16:25 [OBSERVE] ALLOW: Edit
10:16:25 [OBSERVE] Tool: Bash
10:16:26 [OBSERVE] ALLOW: Bash
10:16:26 [OBSERVE] Tool: Read
10:16:26 [OBSERVE] ALLOW: Read
10:16:27 [OBSERVE] Tool: Read
10:16:27 [OBSERVE] ALLOW: Read
10:16:27 [OBSERVE] Tool: Read
10:16:27 [OBSERVE] ALLOW: Read
10:16:31 [OBSERVE] Tool: Read
10:16:31 [OBSERVE] ALLOW: Read
10:16:32 [OBSERVE] Tool: Bash
10:16:32 [OBSERVE] ALLOW: Bash
10:16:35 [OBSERVE] Tool: Grep
10:16:35 [OBSERVE] ALLOW: Grep
10:16:37 [OBSERVE] Tool: Edit
10:16:37 [OBSERVE] ALLOW: Edit
10:16:41 [OBSERVE] Tool: Edit
10:16:41 [OBSERVE] ALLOW: Edit
10:16:42 [OBSERVE] Tool: Grep
10:16:42 [OBSERVE] ALLOW: Grep
10:16:43 [OBSERVE] Tool: Edit
10:16:43 [OBSERVE] ALLOW: Edit
10:16:45 [OBSERVE] Tool: Edit
10:16:45 [OBSERVE] Tool: Read
10:16:46 [OBSERVE] ALLOW: Read
10:16:46 [OBSERVE] ALLOW: Edit
10:16:48 [OBSERVE] Tool: Edit
10:16:48 [OBSERVE] ALLOW: Edit
10:16:49 [OBSERVE] Tool: Bash
10:16:50 [OBSERVE] ALLOW: Bash
10:16:52 [OBSERVE] Tool: Read
10:16:52 [OBSERVE] ALLOW: Read
10:16:55 [OBSERVE] Tool: Read
10:16:55 [OBSERVE] ALLOW: Read
10:16:56 [OBSERVE] Tool: Edit
10:16:57 [OBSERVE] WOULD_DENY: Edit — [Y*] Command 'git push --force' is blocked
10:16:59 [OBSERVE] Tool: Bash
10:17:00 [OBSERVE] ALLOW: Bash
10:17:00 [OBSERVE] Tool: Bash
10:17:01 [OBSERVE] ALLOW: Bash
10:17:06 [OBSERVE] Tool: Edit
10:17:06 [OBSERVE] Tool: Write
10:17:06 [OBSERVE] ALLOW: Edit
10:17:07 [OBSERVE] ALLOW: Write
10:17:08 [OBSERVE] Tool: Grep
10:17:08 [OBSERVE] ALLOW: Grep
10:17:09 [OBSERVE] Tool: Read
10:17:09 [OBSERVE] ALLOW: Read
10:17:10 [OBSERVE] Tool: Bash
10:17:10 [OBSERVE] Tool: Read
10:17:10 [OBSERVE] ALLOW: Bash
10:17:11 [OBSERVE] ALLOW: Read
10:17:11 [OBSERVE] Tool: Read
10:17:11 [OBSERVE] Tool: Bash
10:17:12 [OBSERVE] ALLOW: Read
10:17:12 [OBSERVE] ALLOW: Bash
10:17:13 [OBSERVE] Tool: Bash
10:17:13 [OBSERVE] ALLOW: Bash
10:17:14 [OBSERVE] Tool: Edit
10:17:14 [OBSERVE] ALLOW: Edit
10:17:16 [OBSERVE] Tool: Edit
10:17:16 [OBSERVE] ALLOW: Edit
10:17:18 [OBSERVE] Tool: Bash
10:17:18 [OBSERVE] ALLOW: Bash
10:17:19 [OBSERVE] Tool: Bash
10:17:19 [OBSERVE] Tool: Edit
10:17:19 [OBSERVE] ALLOW: Bash
10:17:20 [OBSERVE] ALLOW: Edit
10:17:20 [OBSERVE] Tool: Bash
10:17:21 [OBSERVE] ALLOW: Bash
10:17:21 [OBSERVE] Tool: Edit
10:17:21 [OBSERVE] Tool: Edit
10:17:22 [OBSERVE] ALLOW: Edit
10:17:22 [OBSERVE] ALLOW: Edit
10:17:24 [OBSERVE] Tool: Bash
10:17:25 [OBSERVE] ALLOW: Bash
10:17:25 [OBSERVE] Tool: Read
10:17:25 [OBSERVE] Tool: Read
10:17:26 [OBSERVE] ALLOW: Read
10:17:26 [OBSERVE] ALLOW: Read
10:17:26 [OBSERVE] Tool: Read
10:17:27 [OBSERVE] ALLOW: Read
10:17:27 [OBSERVE] Tool: Read
10:17:28 [OBSERVE] Tool: Read
10:17:28 [OBSERVE] ALLOW: Read
10:17:28 [OBSERVE] ALLOW: Read
10:17:30 [OBSERVE] Tool: Edit
10:17:31 [OBSERVE] ALLOW: Edit
10:17:32 [OBSERVE] Tool: Bash
10:17:32 [OBSERVE] ALLOW: Bash
10:17:33 [OBSERVE] Tool: Edit
10:17:34 [OBSERVE] ALLOW: Edit
10:17:34 [OBSERVE] Tool: Bash
10:17:35 [OBSERVE] ALLOW: Bash
10:17:35 [OBSERVE] Tool: Bash
10:17:36 [OBSERVE] ALLOW: Bash
10:17:37 [OBSERVE] Tool: Edit
10:17:38 [OBSERVE] ALLOW: Edit
10:17:39 [OBSERVE] Tool: Edit
10:17:40 [OBSERVE] ALLOW: Edit
10:17:41 [OBSERVE] Tool: Edit
10:17:42 [OBSERVE] ALLOW: Edit
10:17:46 [OBSERVE] Tool: Glob
10:17:46 [OBSERVE] ALLOW: Glob
10:17:47 [OBSERVE] Tool: Bash
10:17:47 [OBSERVE] ALLOW: Bash
10:17:48 [OBSERVE] Tool: Bash
10:17:48 [OBSERVE] Tool: Read
10:17:48 [OBSERVE] ALLOW: Bash
10:17:48 [OBSERVE] ALLOW: Read
10:17:49 [OBSERVE] Tool: Bash
10:17:49 [OBSERVE] Tool: Bash
10:17:49 [OBSERVE] ALLOW: Bash
10:17:50 [OBSERVE] ALLOW: Bash
10:17:51 [OBSERVE] Tool: Bash
10:17:52 [OBSERVE] ALLOW: Bash
10:17:52 [OBSERVE] Tool: Grep
10:17:53 [OBSERVE] ALLOW: Grep
10:17:54 [OBSERVE] Tool: Bash
10:17:55 [OBSERVE] ALLOW: Bash
10:17:56 [OBSERVE] Tool: Grep
10:17:56 [OBSERVE] Tool: Edit
10:17:56 [OBSERVE] ALLOW: Grep
10:17:56 [OBSERVE] ALLOW: Edit
10:17:58 [OBSERVE] Tool: Bash
10:17:59 [OBSERVE] Tool: Read
10:17:59 [OBSERVE] ALLOW: Bash
10:17:59 [OBSERVE] ALLOW: Read
10:17:59 [OBSERVE] Tool: Bash
10:18:00 [OBSERVE] Tool: Read
10:18:00 [OBSERVE] ALLOW: Bash
10:18:00 [OBSERVE] ALLOW: Read
10:18:00 [OBSERVE] Tool: Read
10:18:01 [OBSERVE] ALLOW: Read
10:18:02 [OBSERVE] Tool: Bash
10:18:03 [OBSERVE] ALLOW: Bash
10:18:04 [OBSERVE] Tool: Edit
10:18:04 [OBSERVE] ALLOW: Edit
10:18:06 [OBSERVE] Tool: Bash
10:18:06 [OBSERVE] Tool: Edit
10:18:06 [OBSERVE] ALLOW: Bash
10:18:07 [OBSERVE] ALLOW: Edit
10:18:08 [OBSERVE] Tool: Edit
10:18:08 [OBSERVE] ALLOW: Edit
10:18:10 [OBSERVE] Tool: Bash
10:18:10 [OBSERVE] ALLOW: Bash
10:18:10 [OBSERVE] Tool: Bash
10:18:10 [OBSERVE] Tool: Edit
10:18:11 [OBSERVE] ALLOW: Bash
10:18:11 [OBSERVE] ALLOW: Edit
10:18:15 [OBSERVE] Tool: Bash
10:18:15 [OBSERVE] ALLOW: Bash
10:18:19 [OBSERVE] Tool: Bash
10:18:19 [OBSERVE] ALLOW: Bash
10:18:23 [OBSERVE] Tool: Bash
10:18:24 [OBSERVE] ALLOW: Bash
10:18:31 [OBSERVE] Tool: Bash
10:18:31 [OBSERVE] ALLOW: Bash
10:18:32 [OBSERVE] Tool: Edit
10:18:32 [OBSERVE] Tool: Bash
10:18:32 [OBSERVE] WOULD_DENY: Edit — [Y*] '.env' is not allowed in old_string
10:18:32 [OBSERVE] ALLOW: Bash
10:18:41 [OBSERVE] Tool: Bash
10:18:41 [OBSERVE] ALLOW: Bash
10:18:44 [OBSERVE] Tool: Bash
10:18:45 [OBSERVE] ALLOW: Bash
10:18:49 [OBSERVE] Tool: Bash
10:18:49 [OBSERVE] ALLOW: Bash
10:18:56 [OBSERVE] Tool: Bash
10:18:56 [OBSERVE] ALLOW: Bash
10:19:41 [OBSERVE] Tool: Write
10:19:41 [OBSERVE] ALLOW: Write
10:20:06 [OBSERVE] Tool: Edit
10:20:06 [OBSERVE] ALLOW: Edit
11:35:07 [OBSERVE] Tool: Bash
11:35:08 [OBSERVE] ALLOW: Bash
11:35:32 [OBSERVE] Tool: Agent
11:35:33 [OBSERVE] ALLOW: Agent
11:35:37 [OBSERVE] Tool: Bash
11:35:38 [OBSERVE] ALLOW: Bash
11:35:38 [OBSERVE] Tool: Read
11:35:38 [OBSERVE] ALLOW: Read
11:35:39 [OBSERVE] Tool: Read
11:35:39 [OBSERVE] ALLOW: Read
11:35:42 [OBSERVE] Tool: Agent
11:35:43 [OBSERVE] ALLOW: Agent
11:35:44 [OBSERVE] Tool: Read
11:35:44 [OBSERVE] ALLOW: Read
11:35:46 [OBSERVE] Tool: Read
11:35:46 [OBSERVE] ALLOW: Read
11:35:47 [OBSERVE] Tool: Glob
11:35:47 [OBSERVE] ALLOW: Glob
11:35:48 [OBSERVE] Tool: Glob
11:35:48 [OBSERVE] ALLOW: Glob
11:35:50 [OBSERVE] Tool: Agent
11:35:51 [OBSERVE] ALLOW: Agent
11:35:55 [OBSERVE] Tool: Edit
11:35:55 [OBSERVE] ALLOW: Edit
11:35:55 [OBSERVE] Tool: Bash
11:35:55 [OBSERVE] ALLOW: Bash
11:35:56 [OBSERVE] Tool: Read
11:35:56 [OBSERVE] ALLOW: Read
11:35:56 [OBSERVE] Tool: Read
11:35:56 [OBSERVE] ALLOW: Read
11:35:59 [OBSERVE] Tool: Agent
11:36:00 [OBSERVE] ALLOW: Agent
11:36:02 [OBSERVE] Tool: Read
11:36:02 [OBSERVE] ALLOW: Read
11:36:04 [OBSERVE] Tool: Read
11:36:04 [OBSERVE] ALLOW: Read
11:36:08 [OBSERVE] Tool: Edit
11:36:08 [OBSERVE] ALLOW: Edit
11:36:10 [OBSERVE] Tool: Edit
11:36:11 [OBSERVE] ALLOW: Edit
11:36:12 [OBSERVE] Tool: Bash
11:36:12 [OBSERVE] ALLOW: Bash
11:36:13 [OBSERVE] Tool: Edit
11:36:14 [OBSERVE] ALLOW: Edit
11:36:15 [OBSERVE] Tool: Read
11:36:15 [OBSERVE] ALLOW: Read
11:36:15 [OBSERVE] Tool: Read
11:36:16 [OBSERVE] ALLOW: Read
11:36:16 [OBSERVE] Tool: Read
11:36:16 [OBSERVE] ALLOW: Read
11:36:17 [OBSERVE] Tool: Read
11:36:17 [OBSERVE] ALLOW: Read
11:36:19 [OBSERVE] Tool: Read
11:36:19 [OBSERVE] Tool: Read
11:36:19 [OBSERVE] Tool: Read
11:36:19 [OBSERVE] ALLOW: Read
11:36:19 [OBSERVE] ALLOW: Read
11:36:19 [OBSERVE] ALLOW: Read
11:36:25 [OBSERVE] Tool: Bash
11:36:25 [OBSERVE] ALLOW: Bash
11:36:25 [OBSERVE] Tool: Bash
11:36:26 [OBSERVE] ALLOW: Bash
11:36:26 [OBSERVE] Tool: Edit
11:36:26 [OBSERVE] ALLOW: Edit
11:36:26 [OBSERVE] Tool: Bash
11:36:26 [OBSERVE] Tool: Read
11:36:26 [OBSERVE] ALLOW: Bash
11:36:26 [OBSERVE] ALLOW: Read
11:36:27 [OBSERVE] Tool: Edit
11:36:28 [OBSERVE] ALLOW: Edit
11:36:29 [OBSERVE] Tool: Edit
11:36:30 [OBSERVE] ALLOW: Edit
11:36:31 [OBSERVE] Tool: Edit
11:36:31 [OBSERVE] ALLOW: Edit
11:36:32 [OBSERVE] Tool: Bash
11:36:32 [OBSERVE] ALLOW: Bash
11:36:33 [OBSERVE] Tool: Edit
11:36:33 [OBSERVE] ALLOW: Edit
11:36:35 [OBSERVE] Tool: Edit
11:36:35 [OBSERVE] ALLOW: Edit
11:36:36 [OBSERVE] Tool: Edit
11:36:36 [OBSERVE] ALLOW: Edit
11:36:38 [OBSERVE] Tool: Bash
11:36:38 [OBSERVE] ALLOW: Bash
11:36:38 [OBSERVE] Tool: Bash
11:36:39 [OBSERVE] ALLOW: Bash
11:36:40 [OBSERVE] Tool: Bash
11:36:40 [OBSERVE] ALLOW: Bash
11:36:42 [OBSERVE] Tool: Edit
11:36:42 [OBSERVE] ALLOW: Edit
11:36:44 [OBSERVE] Tool: Bash
11:36:44 [OBSERVE] ALLOW: Bash
11:36:49 [OBSERVE] Tool: Grep
11:36:49 [OBSERVE] ALLOW: Grep
11:36:51 [OBSERVE] Tool: Bash
11:36:51 [OBSERVE] ALLOW: Bash
11:36:52 [OBSERVE] Tool: Bash
11:36:52 [OBSERVE] ALLOW: Bash
11:36:55 [OBSERVE] Tool: Edit
11:36:55 [OBSERVE] ALLOW: Edit
11:36:56 [OBSERVE] Tool: Read
11:36:57 [OBSERVE] ALLOW: Read
11:37:01 [OBSERVE] Tool: Bash
11:37:01 [OBSERVE] ALLOW: Bash
11:37:01 [OBSERVE] Tool: Bash
11:37:02 [OBSERVE] ALLOW: Bash
11:37:02 [OBSERVE] Tool: Bash
11:37:02 [OBSERVE] Tool: Edit
11:37:03 [OBSERVE] ALLOW: Bash
11:37:03 [OBSERVE] ALLOW: Edit
11:37:07 [OBSERVE] Tool: Write
11:37:07 [OBSERVE] ALLOW: Write
11:37:09 [OBSERVE] Tool: Grep
11:37:09 [OBSERVE] ALLOW: Grep
11:37:12 [OBSERVE] Tool: Grep
11:37:12 [OBSERVE] ALLOW: Grep
11:37:13 [OBSERVE] Tool: Bash
11:37:13 [OBSERVE] ALLOW: Bash
11:37:14 [OBSERVE] Tool: Bash
11:37:14 [OBSERVE] ALLOW: Bash
11:37:17 [OBSERVE] Tool: Edit
11:37:18 [OBSERVE] ALLOW: Edit
11:37:18 [OBSERVE] Tool: Bash
11:37:18 [OBSERVE] ALLOW: Bash
11:37:21 [OBSERVE] Tool: Bash
11:37:21 [OBSERVE] ALLOW: Bash
11:37:25 [OBSERVE] Tool: Bash
11:37:26 [OBSERVE] ALLOW: Bash
11:37:26 [OBSERVE] Tool: Bash
11:37:26 [OBSERVE] ALLOW: Bash
11:37:27 [OBSERVE] Tool: Bash
11:37:27 [OBSERVE] ALLOW: Bash
11:37:30 [OBSERVE] Tool: Bash
11:37:31 [OBSERVE] ALLOW: Bash
11:37:35 [OBSERVE] Tool: Read
11:37:35 [OBSERVE] ALLOW: Read
11:37:37 [OBSERVE] Tool: Write
11:37:37 [OBSERVE] ALLOW: Write
11:37:38 [OBSERVE] Tool: Read
11:37:38 [OBSERVE] ALLOW: Read
11:37:41 [OBSERVE] Tool: Bash
11:37:42 [OBSERVE] ALLOW: Bash
11:37:42 [OBSERVE] Tool: Write
11:37:42 [OBSERVE] ALLOW: Write
11:37:43 [OBSERVE] Tool: Write
11:37:43 [OBSERVE] ALLOW: Write
11:37:46 [OBSERVE] Tool: Bash
11:37:46 [OBSERVE] ALLOW: Bash
11:37:46 [OBSERVE] Tool: Bash
11:37:47 [OBSERVE] ALLOW: Bash
11:37:48 [OBSERVE] Tool: Edit
11:37:48 [OBSERVE] ALLOW: Edit
11:37:49 [OBSERVE] Tool: Bash
11:37:50 [OBSERVE] ALLOW: Bash
11:37:50 [OBSERVE] Tool: Bash
11:37:50 [OBSERVE] ALLOW: Bash
11:37:52 [OBSERVE] Tool: Bash
11:37:53 [OBSERVE] Tool: Read
11:37:53 [OBSERVE] ALLOW: Bash
11:37:53 [OBSERVE] ALLOW: Read
11:37:54 [OBSERVE] Tool: Bash
11:37:54 [OBSERVE] ALLOW: Bash
11:37:58 [OBSERVE] Tool: Bash
11:37:58 [OBSERVE] ALLOW: Bash
11:38:00 [OBSERVE] Tool: Bash
11:38:00 [OBSERVE] ALLOW: Bash
11:38:00 [OBSERVE] Tool: Bash
11:38:01 [OBSERVE] ALLOW: Bash
11:38:05 [OBSERVE] Tool: Edit
11:38:05 [OBSERVE] ALLOW: Edit
11:38:06 [OBSERVE] Tool: Bash
11:38:06 [OBSERVE] ALLOW: Bash
11:38:07 [OBSERVE] Tool: Bash
11:38:07 [OBSERVE] ALLOW: Bash
11:38:09 [OBSERVE] Tool: Edit
11:38:09 [OBSERVE] ALLOW: Edit
11:38:10 [OBSERVE] Tool: Bash
11:38:10 [OBSERVE] ALLOW: Bash
11:38:12 [OBSERVE] Tool: Bash
11:38:12 [OBSERVE] ALLOW: Bash
11:38:13 [OBSERVE] Tool: Bash
11:38:13 [OBSERVE] ALLOW: Bash
11:38:14 [OBSERVE] Tool: Bash
11:38:15 [OBSERVE] ALLOW: Bash
11:38:19 [OBSERVE] Tool: Grep
11:38:19 [OBSERVE] ALLOW: Grep
11:38:22 [OBSERVE] Tool: Bash
11:38:22 [OBSERVE] ALLOW: Bash
11:38:27 [OBSERVE] Tool: Bash
11:38:27 [OBSERVE] ALLOW: Bash
11:38:29 [OBSERVE] Tool: Edit
11:38:29 [OBSERVE] ALLOW: Edit
11:38:31 [OBSERVE] Tool: Bash
11:38:31 [OBSERVE] ALLOW: Bash
11:38:34 [OBSERVE] Tool: Edit
11:38:34 [OBSERVE] ALLOW: Edit
11:38:39 [OBSERVE] Tool: Edit
11:38:40 [OBSERVE] ALLOW: Edit
11:38:44 [OBSERVE] Tool: Bash
11:38:44 [OBSERVE] ALLOW: Bash
11:38:47 [OBSERVE] Tool: Edit
11:38:47 [OBSERVE] ALLOW: Edit
11:38:47 [OBSERVE] Tool: Write
11:38:48 [OBSERVE] ALLOW: Write
11:38:49 [OBSERVE] Tool: Bash
11:38:49 [OBSERVE] ALLOW: Bash
11:38:53 [OBSERVE] Tool: Read
11:38:53 [OBSERVE] ALLOW: Read
11:38:53 [OBSERVE] Tool: Read
11:38:53 [OBSERVE] ALLOW: Read
11:38:54 [OBSERVE] Tool: Read
11:38:54 [OBSERVE] ALLOW: Read
11:38:56 [OBSERVE] Tool: Bash
11:38:56 [OBSERVE] ALLOW: Bash
11:39:06 [OBSERVE] Tool: Bash
11:39:06 [OBSERVE] ALLOW: Bash
11:39:06 [OBSERVE] Tool: Bash
11:39:06 [OBSERVE] ALLOW: Bash
11:39:14 [OBSERVE] Tool: Bash
11:39:14 [OBSERVE] ALLOW: Bash
11:39:15 [OBSERVE] Tool: Read
11:39:15 [OBSERVE] ALLOW: Read
11:39:18 [OBSERVE] Tool: Bash
11:39:18 [OBSERVE] ALLOW: Bash
11:39:21 [OBSERVE] Tool: Bash
11:39:21 [OBSERVE] ALLOW: Bash
11:39:23 [OBSERVE] Tool: Bash
11:39:23 [OBSERVE] ALLOW: Bash
11:39:24 [OBSERVE] Tool: Bash
11:39:24 [OBSERVE] ALLOW: Bash
11:39:28 [OBSERVE] Tool: Bash
11:39:28 [OBSERVE] ALLOW: Bash
11:39:28 [OBSERVE] Tool: Bash
11:39:28 [OBSERVE] ALLOW: Bash
11:39:34 [OBSERVE] Tool: Read
11:39:34 [OBSERVE] ALLOW: Read
11:39:39 [OBSERVE] Tool: Bash
11:39:39 [OBSERVE] ALLOW: Bash
11:39:46 [OBSERVE] Tool: Bash
11:39:46 [OBSERVE] ALLOW: Bash
11:39:47 [OBSERVE] Tool: Write
11:39:47 [OBSERVE] ALLOW: Write
11:39:51 [OBSERVE] Tool: Bash
11:39:51 [OBSERVE] ALLOW: Bash
11:40:01 [OBSERVE] Tool: Bash
11:40:01 [OBSERVE] ALLOW: Bash
11:40:01 [OBSERVE] Tool: Write
11:40:01 [OBSERVE] ALLOW: Write
11:40:05 [OBSERVE] Tool: Bash
11:40:05 [OBSERVE] ALLOW: Bash
11:40:11 [OBSERVE] Tool: Bash
11:40:11 [OBSERVE] ALLOW: Bash
11:40:14 [OBSERVE] Tool: Bash
11:40:14 [OBSERVE] ALLOW: Bash
11:40:21 [OBSERVE] Tool: Bash
11:40:21 [OBSERVE] ALLOW: Bash
11:40:35 [OBSERVE] Tool: Edit
11:40:35 [OBSERVE] ALLOW: Edit
